{
"contracts/blackscholes/BlackScholesNUM.sol":{"l":{"38":7770,"41":7770,"42":7768,"43":7766,"44":7764,"45":7762,"46":7760,"49":7758,"50":3,"51":1,"53":2,"56":7755,"57":7755,"58":7755,"60":7755,"61":7755,"63":7755,"65":7755,"66":7755,"68":7755,"69":7348,"90":7769,"92":7769,"93":7767,"94":7765,"95":7763,"96":7761,"97":7759,"100":7757,"101":3,"102":1,"104":2,"107":7754,"108":7754,"109":7754,"111":7754,"112":7754,"114":7754,"116":7754,"117":7754,"119":7754,"120":7185,"135":1026,"136":1026,"137":1024,"138":1022,"141":1020,"142":1,"145":1019,"146":1019,"147":1019,"152":32670,"153":32670,"158":52958,"159":52958,"162":52958,"163":9382,"164":9382,"168":52958,"169":30743,"170":30743,"172":22215,"176":52958,"177":43228,"178":43228,"180":9730,"187":52958,"188":52958,"189":52958,"191":52958,"196":17278,"197":17278,"198":7982,"201":9296,"207":17519,"208":17519,"211":17519,"212":16396,"213":16396,"214":16396,"220":17519,"222":17519,"223":17519,"224":17519,"225":17519,"227":17519,"232":21486,"233":21486,"234":13218,"237":8268,"243":23799,"244":23799,"245":23799,"248":23799,"249":6989,"250":6989,"254":23799,"255":21768,"256":21768,"260":23799,"261":23799,"262":23799,"263":23799,"264":23799,"266":23799,"277":15630,"279":15630,"285":31670,"289":31670,"290":31670,"291":15929,"294":15741,"300":31670,"303":31670,"306":31670,"307":31670,"308":31670,"309":31670,"313":31670,"320":9382,"321":9382,"329":30743,"330":30743,"331":9956,"332":4657,"333":2070,"334":873,"335":414,"337":459,"340":1197,"341":662,"343":535,"347":2587,"348":1326,"349":613,"351":713,"354":1261,"355":624,"357":637,"362":5299,"363":2688,"364":1293,"365":599,"367":694,"370":1395,"371":644,"373":751,"377":2611,"378":1251,"379":612,"381":639,"384":1360,"385":705,"387":655,"393":20787,"394":9534,"395":5299,"396":1810,"397":856,"399":954,"402":3489,"403":2090,"405":1399,"409":4235,"410":1922,"411":1010,"413":912,"416":2313,"417":1094,"419":1219,"424":11253,"425":4822,"426":2202,"427":1049,"429":1153,"432":2620,"433":1258,"435":1362,"439":6431,"440":2926,"441":1326,"443":1600,"447":3505,"464":43228,"469":43228,"470":17485,"471":8665,"472":4410,"473":2159,"474":1048,"476":1111,"479":2251,"480":1036,"482":1215,"486":4255,"487":2097,"488":1110,"490":987,"493":2158,"494":1117,"496":1041,"501":8820,"502":4304,"503":2108,"504":993,"506":1115,"509":2196,"510":1103,"512":1093,"516":4516,"517":2165,"518":1159,"520":1006,"523":2351,"524":1169,"526":1182,"532":25743,"533":10769,"534":4791,"535":2251,"536":1100,"538":1151,"541":2540,"542":1063,"544":1477,"548":5978,"549":2917,"550":1396,"552":1521,"555":3061,"556":1694,"558":1367,"563":14974,"564":7763,"565":3555,"566":1726,"568":1829,"571":4208,"572":2068,"574":2140,"578":7211,"579":4990,"580":2718,"582":2272,"586":2221,"601":16396,"602":16396,"603":5218,"604":255,"605":133,"606":70,"607":37,"609":33,"612":63,"613":33,"615":30,"619":122,"620":62,"621":32,"623":30,"626":60,"627":31,"629":29,"634":4963,"635":126,"636":62,"637":30,"639":32,"642":64,"643":31,"645":33,"649":4837,"650":2963,"651":34,"653":2929,"656":1874,"657":937,"659":937,"665":11178,"666":4339,"667":1980,"668":985,"669":343,"671":642,"674":995,"675":46,"677":949,"681":2359,"682":1009,"683":352,"685":657,"688":1350,"689":963,"691":387,"696":6839,"697":2447,"698":1051,"699":972,"701":79,"704":1396,"705":681,"707":715,"711":4392,"712":2416,"713":698,"715":1718,"719":1976,"736":21768,"737":21768,"738":8770,"739":5128,"740":3168,"741":1810,"742":971,"743":502,"745":469,"748":839,"749":434,"751":405,"755":1358,"756":728,"757":377,"759":351,"762":630,"763":327,"765":303,"770":1960,"771":1199,"772":725,"773":279,"775":446,"778":474,"779":243,"781":231,"785":761,"786":407,"787":210,"789":197,"792":354,"793":185,"795":169,"801":3642,"802":2035,"803":1004,"804":740,"805":591,"807":149,"810":264,"811":136,"813":128,"817":1031,"818":831,"819":122,"821":709,"824":200,"825":103,"827":97,"832":1607,"833":753,"834":605,"835":88,"837":517,"840":148,"841":75,"843":73,"847":854,"848":310,"849":66,"851":244,"854":544,"855":57,"857":487,"864":12998,"865":1770,"866":811,"867":481,"868":98,"869":49,"871":49,"874":383,"875":343,"877":40,"881":330,"882":72,"883":38,"885":34,"888":258,"889":228,"891":30,"896":959,"897":102,"898":54,"899":28,"901":26,"904":48,"905":24,"907":24,"911":857,"912":820,"913":800,"915":20,"918":37,"919":20,"921":17,"927":11228,"928":3379,"929":658,"930":29,"931":15,"933":14,"936":629,"937":15,"939":614,"943":2721,"944":22,"945":11,"947":11,"950":2699,"951":2086,"953":613,"958":7849,"959":4231,"960":2416,"961":1207,"963":1209,"966":1815,"967":906,"969":909,"973":3618,"974":2413,"975":605,"977":1808,"981":1205,"999":6989,"1012":6989,"1013":5502,"1014":2775,"1016":2727,"1025":1487},"path":"/Users/konsta/Documents/GitHub/primitive-core/contracts/blackscholes/BlackScholesNUM.sol","s":{"1":7770,"2":7768,"3":7766,"4":7764,"5":7762,"6":7760,"7":7758,"8":3,"9":1,"10":2,"11":7755,"12":7755,"13":7755,"14":7755,"15":7755,"16":7755,"17":7755,"18":7755,"19":7755,"20":7769,"21":7767,"22":7765,"23":7763,"24":7761,"25":7759,"26":7757,"27":3,"28":1,"29":2,"30":7754,"31":7754,"32":7754,"33":7754,"34":7754,"35":7754,"36":7754,"37":7754,"38":7754,"39":1026,"40":1024,"41":1022,"42":1020,"43":1,"44":1019,"45":1019,"46":1019,"47":32670,"48":52958,"49":52958,"50":52958,"51":52958,"52":52958,"53":52958,"54":52958,"55":17278,"56":7982,"57":9296,"58":17519,"59":17519,"60":16396,"61":17519,"62":17519,"63":17519,"64":17519,"65":17519,"66":17519,"67":21486,"68":13218,"69":8268,"70":23799,"71":23799,"72":23799,"73":23799,"74":23799,"75":23799,"76":23799,"77":23799,"78":23799,"79":15630,"80":31670,"81":31670,"82":15929,"83":15741,"84":31670,"85":31670,"86":31670,"87":31670,"88":31670,"89":31670,"90":9382,"91":30743,"92":9956,"93":4657,"94":2070,"95":873,"96":414,"97":459,"98":1197,"99":662,"100":535,"101":2587,"102":1326,"103":613,"104":713,"105":1261,"106":624,"107":637,"108":5299,"109":2688,"110":1293,"111":599,"112":694,"113":1395,"114":644,"115":751,"116":2611,"117":1251,"118":612,"119":639,"120":1360,"121":705,"122":655,"123":20787,"124":9534,"125":5299,"126":1810,"127":856,"128":954,"129":3489,"130":2090,"131":1399,"132":4235,"133":1922,"134":1010,"135":912,"136":2313,"137":1094,"138":1219,"139":11253,"140":4822,"141":2202,"142":1049,"143":1153,"144":2620,"145":1258,"146":1362,"147":6431,"148":2926,"149":1326,"150":1600,"151":3505,"152":43228,"153":17485,"154":8665,"155":4410,"156":2159,"157":1048,"158":1111,"159":2251,"160":1036,"161":1215,"162":4255,"163":2097,"164":1110,"165":987,"166":2158,"167":1117,"168":1041,"169":8820,"170":4304,"171":2108,"172":993,"173":1115,"174":2196,"175":1103,"176":1093,"177":4516,"178":2165,"179":1159,"180":1006,"181":2351,"182":1169,"183":1182,"184":25743,"185":10769,"186":4791,"187":2251,"188":1100,"189":1151,"190":2540,"191":1063,"192":1477,"193":5978,"194":2917,"195":1396,"196":1521,"197":3061,"198":1694,"199":1367,"200":14974,"201":7763,"202":3555,"203":1726,"204":1829,"205":4208,"206":2068,"207":2140,"208":7211,"209":4990,"210":2718,"211":2272,"212":2221,"213":16396,"214":5218,"215":255,"216":133,"217":70,"218":37,"219":33,"220":63,"221":33,"222":30,"223":122,"224":62,"225":32,"226":30,"227":60,"228":31,"229":29,"230":4963,"231":126,"232":62,"233":30,"234":32,"235":64,"236":31,"237":33,"238":4837,"239":2963,"240":34,"241":2929,"242":1874,"243":937,"244":937,"245":11178,"246":4339,"247":1980,"248":985,"249":343,"250":642,"251":995,"252":46,"253":949,"254":2359,"255":1009,"256":352,"257":657,"258":1350,"259":963,"260":387,"261":6839,"262":2447,"263":1051,"264":972,"265":79,"266":1396,"267":681,"268":715,"269":4392,"270":2416,"271":698,"272":1718,"273":1976,"274":21768,"275":8770,"276":5128,"277":3168,"278":1810,"279":971,"280":502,"281":469,"282":839,"283":434,"284":405,"285":1358,"286":728,"287":377,"288":351,"289":630,"290":327,"291":303,"292":1960,"293":1199,"294":725,"295":279,"296":446,"297":474,"298":243,"299":231,"300":761,"301":407,"302":210,"303":197,"304":354,"305":185,"306":169,"307":3642,"308":2035,"309":1004,"310":740,"311":591,"312":149,"313":264,"314":136,"315":128,"316":1031,"317":831,"318":122,"319":709,"320":200,"321":103,"322":97,"323":1607,"324":753,"325":605,"326":88,"327":517,"328":148,"329":75,"330":73,"331":854,"332":310,"333":66,"334":244,"335":544,"336":57,"337":487,"338":12998,"339":1770,"340":811,"341":481,"342":98,"343":49,"344":49,"345":383,"346":343,"347":40,"348":330,"349":72,"350":38,"351":34,"352":258,"353":228,"354":30,"355":959,"356":102,"357":54,"358":28,"359":26,"360":48,"361":24,"362":24,"363":857,"364":820,"365":800,"366":20,"367":37,"368":20,"369":17,"370":11228,"371":3379,"372":658,"373":29,"374":15,"375":14,"376":629,"377":15,"378":614,"379":2721,"380":22,"381":11,"382":11,"383":2699,"384":2086,"385":613,"386":7849,"387":4231,"388":2416,"389":1207,"390":1209,"391":1815,"392":906,"393":909,"394":3618,"395":2413,"396":605,"397":1808,"398":1205,"399":6989,"400":5502,"401":2775,"402":2727,"403":1487},"b":{"1":[2,7768],"2":[2,7766],"3":[2,7764],"4":[2,7762],"5":[2,7760],"6":[2,7758],"7":[3,7755],"8":[1,2],"9":[7348,407],"10":[2,7767],"11":[2,7765],"12":[2,7763],"13":[2,7761],"14":[2,7759],"15":[2,7757],"16":[3,7754],"17":[1,2],"18":[7185,569],"19":[2,1024],"20":[2,1022],"21":[2,1020],"22":[1,1019],"23":[9382,43576],"24":[30743,22215],"25":[43228,9730],"26":[7982,9296],"27":[16396,1123],"28":[13218,8268],"29":[6989,16810],"30":[21768,2031],"31":[15929,15741],"32":[9956,20787],"33":[4657,5299],"34":[2070,2587],"35":[873,1197],"36":[414,459],"37":[662,535],"38":[1326,1261],"39":[613,713],"40":[624,637],"41":[2688,2611],"42":[1293,1395],"43":[599,694],"44":[644,751],"45":[1251,1360],"46":[612,639],"47":[705,655],"48":[9534,11253],"49":[5299,4235],"50":[1810,3489],"51":[856,954],"52":[2090,1399],"53":[1922,2313],"54":[1010,912],"55":[1094,1219],"56":[4822,6431],"57":[2202,2620],"58":[1049,1153],"59":[1258,1362],"60":[2926,3505],"61":[1326,1600],"62":[17485,25743],"63":[8665,8820],"64":[4410,4255],"65":[2159,2251],"66":[1048,1111],"67":[1036,1215],"68":[2097,2158],"69":[1110,987],"70":[1117,1041],"71":[4304,4516],"72":[2108,2196],"73":[993,1115],"74":[1103,1093],"75":[2165,2351],"76":[1159,1006],"77":[1169,1182],"78":[10769,14974],"79":[4791,5978],"80":[2251,2540],"81":[1100,1151],"82":[1063,1477],"83":[2917,3061],"84":[1396,1521],"85":[1694,1367],"86":[7763,7211],"87":[3555,4208],"88":[1726,1829],"89":[2068,2140],"90":[4990,2221],"91":[2718,2272],"92":[5218,11178],"93":[255,4963],"94":[133,122],"95":[70,63],"96":[37,33],"97":[33,30],"98":[62,60],"99":[32,30],"100":[31,29],"101":[126,4837],"102":[62,64],"103":[30,32],"104":[31,33],"105":[2963,1874],"106":[34,2929],"107":[937,937],"108":[4339,6839],"109":[1980,2359],"110":[985,995],"111":[343,642],"112":[46,949],"113":[1009,1350],"114":[352,657],"115":[963,387],"116":[2447,4392],"117":[1051,1396],"118":[972,79],"119":[681,715],"120":[2416,1976],"121":[698,1718],"122":[8770,12998],"123":[5128,3642],"124":[3168,1960],"125":[1810,1358],"126":[971,839],"127":[502,469],"128":[434,405],"129":[728,630],"130":[377,351],"131":[327,303],"132":[1199,761],"133":[725,474],"134":[279,446],"135":[243,231],"136":[407,354],"137":[210,197],"138":[185,169],"139":[2035,1607],"140":[1004,1031],"141":[740,264],"142":[591,149],"143":[136,128],"144":[831,200],"145":[122,709],"146":[103,97],"147":[753,854],"148":[605,148],"149":[88,517],"150":[75,73],"151":[310,544],"152":[66,244],"153":[57,487],"154":[1770,11228],"155":[811,959],"156":[481,330],"157":[98,383],"158":[49,49],"159":[343,40],"160":[72,258],"161":[38,34],"162":[228,30],"163":[102,857],"164":[54,48],"165":[28,26],"166":[24,24],"167":[820,37],"168":[800,20],"169":[20,17],"170":[3379,7849],"171":[658,2721],"172":[29,629],"173":[15,14],"174":[15,614],"175":[22,2699],"176":[11,11],"177":[2086,613],"178":[4231,3618],"179":[2416,1815],"180":[1207,1209],"181":[906,909],"182":[2413,1205],"183":[605,1808],"184":[5502,1487],"185":[2775,2727]},"f":{"1":7770,"2":7769,"3":1026,"4":32670,"5":52958,"6":17278,"7":17519,"8":21486,"9":23799,"10":15630,"11":31670,"12":31670,"13":9382,"14":30743,"15":43228,"16":16396,"17":21768,"18":6989},"fnMap":{"1":{"name":"getCallOptionPrice","line":31,"loc":{"start":{"line":31,"column":4},"end":{"line":81,"column":4}}},"2":{"name":"getPutOptionPrice","line":83,"loc":{"start":{"line":83,"column":4},"end":{"line":132,"column":4}}},"3":{"name":"getFuturePrice","line":134,"loc":{"start":{"line":134,"column":4},"end":{"line":149,"column":4}}},"4":{"name":"expNegative","line":151,"loc":{"start":{"line":151,"column":4},"end":{"line":155,"column":4}}},"5":{"name":"expPositive","line":157,"loc":{"start":{"line":157,"column":4},"end":{"line":193,"column":4}}},"6":{"name":"ln","line":195,"loc":{"start":{"line":195,"column":4},"end":{"line":203,"column":4}}},"7":{"name":"lnUpper","line":206,"loc":{"start":{"line":206,"column":4},"end":{"line":229,"column":4}}},"8":{"name":"sqrt","line":231,"loc":{"start":{"line":231,"column":4},"end":{"line":239,"column":4}}},"9":{"name":"sqrtUpper","line":242,"loc":{"start":{"line":242,"column":4},"end":{"line":274,"column":4}}},"10":{"name":"getD1","line":276,"loc":{"start":{"line":276,"column":4},"end":{"line":281,"column":4}}},"11":{"name":"stdNormCDF","line":284,"loc":{"start":{"line":284,"column":4},"end":{"line":296,"column":4}}},"12":{"name":"erfPositive","line":299,"loc":{"start":{"line":299,"column":4},"end":{"line":317,"column":4}}},"13":{"name":"getExp1Precalculated","line":319,"loc":{"start":{"line":319,"column":4},"end":{"line":323,"column":4}}},"14":{"name":"getExp2Precalculated","line":325,"loc":{"start":{"line":325,"column":4},"end":{"line":458,"column":4}}},"15":{"name":"getExp3Precalculated","line":460,"loc":{"start":{"line":460,"column":4},"end":{"line":597,"column":4}}},"16":{"name":"getLnPrecalculated","line":599,"loc":{"start":{"line":599,"column":4},"end":{"line":730,"column":4}}},"17":{"name":"getSqrtPrecomputed","line":732,"loc":{"start":{"line":732,"column":4},"end":{"line":993,"column":4}}},"18":{"name":"getSqrtZerosPrecompute","line":995,"loc":{"start":{"line":995,"column":4},"end":{"line":1027,"column":4}}}},"statementMap":{"1":{"start":{"line":41,"column":12},"end":{"line":41,"column":62}},"2":{"start":{"line":42,"column":12},"end":{"line":42,"column":62}},"3":{"start":{"line":43,"column":12},"end":{"line":43,"column":94}},"4":{"start":{"line":44,"column":12},"end":{"line":44,"column":85}},"5":{"start":{"line":45,"column":12},"end":{"line":45,"column":87}},"6":{"start":{"line":46,"column":12},"end":{"line":46,"column":80}},"7":{"start":{"line":49,"column":12},"end":{"line":49,"column":2086}},"8":{"start":{"line":50,"column":16},"end":{"line":50,"column":2147}},"9":{"start":{"line":51,"column":20},"end":{"line":51,"column":40}},"10":{"start":{"line":53,"column":16},"end":{"line":53,"column":24}},"11":{"start":{"line":56,"column":12},"end":{"line":56,"column":80}},"12":{"start":{"line":57,"column":12},"end":{"line":57,"column":66}},"13":{"start":{"line":58,"column":12},"end":{"line":58,"column":63}},"14":{"start":{"line":60,"column":12},"end":{"line":60,"column":66}},"15":{"start":{"line":61,"column":12},"end":{"line":61,"column":46}},"16":{"start":{"line":63,"column":12},"end":{"line":63,"column":87}},"17":{"start":{"line":65,"column":12},"end":{"line":65,"column":60}},"18":{"start":{"line":66,"column":12},"end":{"line":66,"column":65}},"19":{"start":{"line":68,"column":12},"end":{"line":68,"column":3023}},"20":{"start":{"line":92,"column":12},"end":{"line":92,"column":62}},"21":{"start":{"line":93,"column":12},"end":{"line":93,"column":62}},"22":{"start":{"line":94,"column":12},"end":{"line":94,"column":94}},"23":{"start":{"line":95,"column":12},"end":{"line":95,"column":85}},"24":{"start":{"line":96,"column":12},"end":{"line":96,"column":87}},"25":{"start":{"line":97,"column":12},"end":{"line":97,"column":80}},"26":{"start":{"line":100,"column":12},"end":{"line":100,"column":4610}},"27":{"start":{"line":101,"column":16},"end":{"line":101,"column":4671}},"28":{"start":{"line":102,"column":20},"end":{"line":102,"column":40}},"29":{"start":{"line":104,"column":16},"end":{"line":104,"column":24}},"30":{"start":{"line":107,"column":12},"end":{"line":107,"column":80}},"31":{"start":{"line":108,"column":12},"end":{"line":108,"column":66}},"32":{"start":{"line":109,"column":12},"end":{"line":109,"column":63}},"33":{"start":{"line":111,"column":12},"end":{"line":111,"column":66}},"34":{"start":{"line":112,"column":12},"end":{"line":112,"column":46}},"35":{"start":{"line":114,"column":12},"end":{"line":114,"column":87}},"36":{"start":{"line":116,"column":12},"end":{"line":116,"column":61}},"37":{"start":{"line":117,"column":12},"end":{"line":117,"column":66}},"38":{"start":{"line":119,"column":12},"end":{"line":119,"column":5549}},"39":{"start":{"line":136,"column":12},"end":{"line":136,"column":62}},"40":{"start":{"line":137,"column":12},"end":{"line":137,"column":62}},"41":{"start":{"line":138,"column":12},"end":{"line":138,"column":87}},"42":{"start":{"line":141,"column":12},"end":{"line":141,"column":6753}},"43":{"start":{"line":142,"column":16},"end":{"line":142,"column":27}},"44":{"start":{"line":145,"column":12},"end":{"line":145,"column":80}},"45":{"start":{"line":146,"column":12},"end":{"line":146,"column":63}},"46":{"start":{"line":147,"column":12},"end":{"line":147,"column":65}},"47":{"start":{"line":153,"column":12},"end":{"line":153,"column":40}},"48":{"start":{"line":159,"column":12},"end":{"line":159,"column":30}},"49":{"start":{"line":162,"column":12},"end":{"line":162,"column":7456}},"50":{"start":{"line":168,"column":12},"end":{"line":168,"column":7613}},"51":{"start":{"line":176,"column":12},"end":{"line":176,"column":7826}},"52":{"start":{"line":187,"column":12},"end":{"line":187,"column":58}},"53":{"start":{"line":189,"column":12},"end":{"line":189,"column":56}},"54":{"start":{"line":191,"column":12},"end":{"line":191,"column":51}},"55":{"start":{"line":197,"column":12},"end":{"line":197,"column":8603}},"56":{"start":{"line":198,"column":16},"end":{"line":198,"column":41}},"57":{"start":{"line":201,"column":12},"end":{"line":201,"column":45}},"58":{"start":{"line":208,"column":12},"end":{"line":208,"column":30}},"59":{"start":{"line":211,"column":12},"end":{"line":211,"column":8923}},"60":{"start":{"line":212,"column":16},"end":{"line":212,"column":31}},"61":{"start":{"line":220,"column":12},"end":{"line":220,"column":61}},"62":{"start":{"line":222,"column":12},"end":{"line":222,"column":51}},"63":{"start":{"line":223,"column":12},"end":{"line":223,"column":60}},"64":{"start":{"line":224,"column":12},"end":{"line":224,"column":60}},"65":{"start":{"line":225,"column":12},"end":{"line":225,"column":98}},"66":{"start":{"line":227,"column":12},"end":{"line":227,"column":69}},"67":{"start":{"line":233,"column":12},"end":{"line":233,"column":9970}},"68":{"start":{"line":234,"column":16},"end":{"line":234,"column":35}},"69":{"start":{"line":237,"column":12},"end":{"line":237,"column":45}},"70":{"start":{"line":244,"column":12},"end":{"line":244,"column":29}},"71":{"start":{"line":245,"column":12},"end":{"line":245,"column":41}},"72":{"start":{"line":248,"column":12},"end":{"line":248,"column":10379}},"73":{"start":{"line":254,"column":12},"end":{"line":254,"column":10564}},"74":{"start":{"line":261,"column":12},"end":{"line":261,"column":38}},"75":{"start":{"line":262,"column":12},"end":{"line":262,"column":38}},"76":{"start":{"line":263,"column":12},"end":{"line":263,"column":38}},"77":{"start":{"line":264,"column":12},"end":{"line":264,"column":182}},"78":{"start":{"line":266,"column":12},"end":{"line":266,"column":60}},"79":{"start":{"line":279,"column":12},"end":{"line":279,"column":144}},"80":{"start":{"line":289,"column":12},"end":{"line":289,"column":59}},"81":{"start":{"line":290,"column":12},"end":{"line":290,"column":12483}},"82":{"start":{"line":291,"column":16},"end":{"line":291,"column":60}},"83":{"start":{"line":294,"column":12},"end":{"line":294,"column":57}},"84":{"start":{"line":303,"column":12},"end":{"line":303,"column":53}},"85":{"start":{"line":306,"column":12},"end":{"line":306,"column":37}},"86":{"start":{"line":307,"column":12},"end":{"line":307,"column":38}},"87":{"start":{"line":308,"column":12},"end":{"line":308,"column":38}},"88":{"start":{"line":309,"column":12},"end":{"line":309,"column":126}},"89":{"start":{"line":313,"column":12},"end":{"line":313,"column":67}},"90":{"start":{"line":321,"column":12},"end":{"line":321,"column":45}},"91":{"start":{"line":330,"column":12},"end":{"line":330,"column":14138}},"92":{"start":{"line":331,"column":16},"end":{"line":331,"column":14186}},"93":{"start":{"line":332,"column":20},"end":{"line":332,"column":14238}},"94":{"start":{"line":333,"column":24},"end":{"line":333,"column":14294}},"95":{"start":{"line":334,"column":28},"end":{"line":334,"column":14354}},"96":{"start":{"line":335,"column":32},"end":{"line":335,"column":69}},"97":{"start":{"line":337,"column":32},"end":{"line":337,"column":69}},"98":{"start":{"line":340,"column":28},"end":{"line":340,"column":14652}},"99":{"start":{"line":341,"column":32},"end":{"line":341,"column":68}},"100":{"start":{"line":343,"column":32},"end":{"line":343,"column":68}},"101":{"start":{"line":347,"column":24},"end":{"line":347,"column":14962}},"102":{"start":{"line":348,"column":28},"end":{"line":348,"column":15022}},"103":{"start":{"line":349,"column":32},"end":{"line":349,"column":67}},"104":{"start":{"line":351,"column":32},"end":{"line":351,"column":67}},"105":{"start":{"line":354,"column":28},"end":{"line":354,"column":15316}},"106":{"start":{"line":355,"column":32},"end":{"line":355,"column":66}},"107":{"start":{"line":357,"column":32},"end":{"line":357,"column":66}},"108":{"start":{"line":362,"column":20},"end":{"line":362,"column":15632}},"109":{"start":{"line":363,"column":24},"end":{"line":363,"column":15688}},"110":{"start":{"line":364,"column":28},"end":{"line":364,"column":15748}},"111":{"start":{"line":365,"column":32},"end":{"line":365,"column":65}},"112":{"start":{"line":367,"column":32},"end":{"line":367,"column":65}},"113":{"start":{"line":370,"column":28},"end":{"line":370,"column":16038}},"114":{"start":{"line":371,"column":32},"end":{"line":371,"column":65}},"115":{"start":{"line":373,"column":32},"end":{"line":373,"column":64}},"116":{"start":{"line":377,"column":24},"end":{"line":377,"column":16341}},"117":{"start":{"line":378,"column":28},"end":{"line":378,"column":16401}},"118":{"start":{"line":379,"column":32},"end":{"line":379,"column":64}},"119":{"start":{"line":381,"column":32},"end":{"line":381,"column":63}},"120":{"start":{"line":384,"column":28},"end":{"line":384,"column":16718}},"121":{"start":{"line":385,"column":32},"end":{"line":385,"column":63}},"122":{"start":{"line":387,"column":32},"end":{"line":387,"column":62}},"123":{"start":{"line":393,"column":16},"end":{"line":393,"column":17033}},"124":{"start":{"line":394,"column":20},"end":{"line":394,"column":17083}},"125":{"start":{"line":395,"column":24},"end":{"line":395,"column":17139}},"126":{"start":{"line":396,"column":28},"end":{"line":396,"column":17199}},"127":{"start":{"line":397,"column":32},"end":{"line":397,"column":62}},"128":{"start":{"line":399,"column":32},"end":{"line":399,"column":62}},"129":{"start":{"line":402,"column":28},"end":{"line":402,"column":17483}},"130":{"start":{"line":403,"column":32},"end":{"line":403,"column":61}},"131":{"start":{"line":405,"column":32},"end":{"line":405,"column":61}},"132":{"start":{"line":409,"column":24},"end":{"line":409,"column":17779}},"133":{"start":{"line":410,"column":28},"end":{"line":410,"column":17839}},"134":{"start":{"line":411,"column":32},"end":{"line":411,"column":60}},"135":{"start":{"line":413,"column":32},"end":{"line":413,"column":60}},"136":{"start":{"line":416,"column":28},"end":{"line":416,"column":18119}},"137":{"start":{"line":417,"column":32},"end":{"line":417,"column":59}},"138":{"start":{"line":419,"column":32},"end":{"line":419,"column":59}},"139":{"start":{"line":424,"column":20},"end":{"line":424,"column":18419}},"140":{"start":{"line":425,"column":24},"end":{"line":425,"column":18473}},"141":{"start":{"line":426,"column":28},"end":{"line":426,"column":18531}},"142":{"start":{"line":427,"column":32},"end":{"line":427,"column":59}},"143":{"start":{"line":429,"column":32},"end":{"line":429,"column":58}},"144":{"start":{"line":432,"column":28},"end":{"line":432,"column":18806}},"145":{"start":{"line":433,"column":32},"end":{"line":433,"column":58}},"146":{"start":{"line":435,"column":32},"end":{"line":435,"column":57}},"147":{"start":{"line":439,"column":24},"end":{"line":439,"column":19093}},"148":{"start":{"line":440,"column":28},"end":{"line":440,"column":19151}},"149":{"start":{"line":441,"column":32},"end":{"line":441,"column":57}},"150":{"start":{"line":443,"column":32},"end":{"line":443,"column":56}},"151":{"start":{"line":447,"column":28},"end":{"line":447,"column":52}},"152":{"start":{"line":469,"column":12},"end":{"line":469,"column":20083}},"153":{"start":{"line":470,"column":16},"end":{"line":470,"column":20131}},"154":{"start":{"line":471,"column":20},"end":{"line":471,"column":20183}},"155":{"start":{"line":472,"column":24},"end":{"line":472,"column":20239}},"156":{"start":{"line":473,"column":28},"end":{"line":473,"column":20299}},"157":{"start":{"line":474,"column":32},"end":{"line":474,"column":56}},"158":{"start":{"line":476,"column":32},"end":{"line":476,"column":56}},"159":{"start":{"line":479,"column":28},"end":{"line":479,"column":20571}},"160":{"start":{"line":480,"column":32},"end":{"line":480,"column":56}},"161":{"start":{"line":482,"column":32},"end":{"line":482,"column":56}},"162":{"start":{"line":486,"column":24},"end":{"line":486,"column":20857}},"163":{"start":{"line":487,"column":28},"end":{"line":487,"column":20917}},"164":{"start":{"line":488,"column":32},"end":{"line":488,"column":56}},"165":{"start":{"line":490,"column":32},"end":{"line":490,"column":56}},"166":{"start":{"line":493,"column":28},"end":{"line":493,"column":21189}},"167":{"start":{"line":494,"column":32},"end":{"line":494,"column":56}},"168":{"start":{"line":496,"column":32},"end":{"line":496,"column":56}},"169":{"start":{"line":501,"column":20},"end":{"line":501,"column":21485}},"170":{"start":{"line":502,"column":24},"end":{"line":502,"column":21541}},"171":{"start":{"line":503,"column":28},"end":{"line":503,"column":21601}},"172":{"start":{"line":504,"column":32},"end":{"line":504,"column":56}},"173":{"start":{"line":506,"column":32},"end":{"line":506,"column":56}},"174":{"start":{"line":509,"column":28},"end":{"line":509,"column":21873}},"175":{"start":{"line":510,"column":32},"end":{"line":510,"column":56}},"176":{"start":{"line":512,"column":32},"end":{"line":512,"column":56}},"177":{"start":{"line":516,"column":24},"end":{"line":516,"column":22159}},"178":{"start":{"line":517,"column":28},"end":{"line":517,"column":22219}},"179":{"start":{"line":518,"column":32},"end":{"line":518,"column":56}},"180":{"start":{"line":520,"column":32},"end":{"line":520,"column":56}},"181":{"start":{"line":523,"column":28},"end":{"line":523,"column":22491}},"182":{"start":{"line":524,"column":32},"end":{"line":524,"column":56}},"183":{"start":{"line":526,"column":32},"end":{"line":526,"column":56}},"184":{"start":{"line":532,"column":16},"end":{"line":532,"column":22793}},"185":{"start":{"line":533,"column":20},"end":{"line":533,"column":22843}},"186":{"start":{"line":534,"column":24},"end":{"line":534,"column":22899}},"187":{"start":{"line":535,"column":28},"end":{"line":535,"column":22959}},"188":{"start":{"line":536,"column":32},"end":{"line":536,"column":56}},"189":{"start":{"line":538,"column":32},"end":{"line":538,"column":56}},"190":{"start":{"line":541,"column":28},"end":{"line":541,"column":23231}},"191":{"start":{"line":542,"column":32},"end":{"line":542,"column":56}},"192":{"start":{"line":544,"column":32},"end":{"line":544,"column":56}},"193":{"start":{"line":548,"column":24},"end":{"line":548,"column":23517}},"194":{"start":{"line":549,"column":28},"end":{"line":549,"column":23577}},"195":{"start":{"line":550,"column":32},"end":{"line":550,"column":56}},"196":{"start":{"line":552,"column":32},"end":{"line":552,"column":56}},"197":{"start":{"line":555,"column":28},"end":{"line":555,"column":23849}},"198":{"start":{"line":556,"column":32},"end":{"line":556,"column":56}},"199":{"start":{"line":558,"column":32},"end":{"line":558,"column":56}},"200":{"start":{"line":563,"column":20},"end":{"line":563,"column":24143}},"201":{"start":{"line":564,"column":24},"end":{"line":564,"column":24197}},"202":{"start":{"line":565,"column":28},"end":{"line":565,"column":24255}},"203":{"start":{"line":566,"column":32},"end":{"line":566,"column":56}},"204":{"start":{"line":568,"column":32},"end":{"line":568,"column":56}},"205":{"start":{"line":571,"column":28},"end":{"line":571,"column":24525}},"206":{"start":{"line":572,"column":32},"end":{"line":572,"column":56}},"207":{"start":{"line":574,"column":32},"end":{"line":574,"column":56}},"208":{"start":{"line":578,"column":24},"end":{"line":578,"column":24809}},"209":{"start":{"line":579,"column":28},"end":{"line":579,"column":24867}},"210":{"start":{"line":580,"column":32},"end":{"line":580,"column":56}},"211":{"start":{"line":582,"column":32},"end":{"line":582,"column":56}},"212":{"start":{"line":586,"column":28},"end":{"line":586,"column":52}},"213":{"start":{"line":602,"column":12},"end":{"line":602,"column":25680}},"214":{"start":{"line":603,"column":16},"end":{"line":603,"column":25730}},"215":{"start":{"line":604,"column":20},"end":{"line":604,"column":25784}},"216":{"start":{"line":605,"column":24},"end":{"line":605,"column":25859}},"217":{"start":{"line":606,"column":28},"end":{"line":606,"column":25938}},"218":{"start":{"line":607,"column":32},"end":{"line":607,"column":66}},"219":{"start":{"line":609,"column":32},"end":{"line":609,"column":66}},"220":{"start":{"line":612,"column":28},"end":{"line":612,"column":26249}},"221":{"start":{"line":613,"column":32},"end":{"line":613,"column":66}},"222":{"start":{"line":615,"column":32},"end":{"line":615,"column":66}},"223":{"start":{"line":619,"column":24},"end":{"line":619,"column":26574}},"224":{"start":{"line":620,"column":28},"end":{"line":620,"column":26652}},"225":{"start":{"line":621,"column":32},"end":{"line":621,"column":66}},"226":{"start":{"line":623,"column":32},"end":{"line":623,"column":65}},"227":{"start":{"line":626,"column":28},"end":{"line":626,"column":26962}},"228":{"start":{"line":627,"column":32},"end":{"line":627,"column":65}},"229":{"start":{"line":629,"column":32},"end":{"line":629,"column":49}},"230":{"start":{"line":634,"column":20},"end":{"line":634,"column":27278}},"231":{"start":{"line":635,"column":24},"end":{"line":635,"column":27352}},"232":{"start":{"line":636,"column":28},"end":{"line":636,"column":27430}},"233":{"start":{"line":637,"column":32},"end":{"line":637,"column":65}},"234":{"start":{"line":639,"column":32},"end":{"line":639,"column":65}},"235":{"start":{"line":642,"column":28},"end":{"line":642,"column":27738}},"236":{"start":{"line":643,"column":32},"end":{"line":643,"column":65}},"237":{"start":{"line":645,"column":32},"end":{"line":645,"column":65}},"238":{"start":{"line":649,"column":24},"end":{"line":649,"column":28060}},"239":{"start":{"line":650,"column":28},"end":{"line":650,"column":28138}},"240":{"start":{"line":651,"column":32},"end":{"line":651,"column":65}},"241":{"start":{"line":653,"column":32},"end":{"line":653,"column":65}},"242":{"start":{"line":656,"column":28},"end":{"line":656,"column":28446}},"243":{"start":{"line":657,"column":32},"end":{"line":657,"column":65}},"244":{"start":{"line":659,"column":32},"end":{"line":659,"column":49}},"245":{"start":{"line":665,"column":16},"end":{"line":665,"column":28768}},"246":{"start":{"line":666,"column":20},"end":{"line":666,"column":28821}},"247":{"start":{"line":667,"column":24},"end":{"line":667,"column":28895}},"248":{"start":{"line":668,"column":28},"end":{"line":668,"column":28973}},"249":{"start":{"line":669,"column":32},"end":{"line":669,"column":65}},"250":{"start":{"line":671,"column":32},"end":{"line":671,"column":65}},"251":{"start":{"line":674,"column":28},"end":{"line":674,"column":29281}},"252":{"start":{"line":675,"column":32},"end":{"line":675,"column":65}},"253":{"start":{"line":677,"column":32},"end":{"line":677,"column":65}},"254":{"start":{"line":681,"column":24},"end":{"line":681,"column":29603}},"255":{"start":{"line":682,"column":28},"end":{"line":682,"column":29681}},"256":{"start":{"line":683,"column":32},"end":{"line":683,"column":65}},"257":{"start":{"line":685,"column":32},"end":{"line":685,"column":65}},"258":{"start":{"line":688,"column":28},"end":{"line":688,"column":29989}},"259":{"start":{"line":689,"column":32},"end":{"line":689,"column":64}},"260":{"start":{"line":691,"column":32},"end":{"line":691,"column":48}},"261":{"start":{"line":696,"column":20},"end":{"line":696,"column":30302}},"262":{"start":{"line":697,"column":24},"end":{"line":697,"column":30375}},"263":{"start":{"line":698,"column":28},"end":{"line":698,"column":30452}},"264":{"start":{"line":699,"column":32},"end":{"line":699,"column":64}},"265":{"start":{"line":701,"column":32},"end":{"line":701,"column":64}},"266":{"start":{"line":704,"column":28},"end":{"line":704,"column":30757}},"267":{"start":{"line":705,"column":32},"end":{"line":705,"column":64}},"268":{"start":{"line":707,"column":32},"end":{"line":707,"column":64}},"269":{"start":{"line":711,"column":24},"end":{"line":711,"column":31076}},"270":{"start":{"line":712,"column":28},"end":{"line":712,"column":31153}},"271":{"start":{"line":713,"column":32},"end":{"line":713,"column":64}},"272":{"start":{"line":715,"column":32},"end":{"line":715,"column":64}},"273":{"start":{"line":719,"column":28},"end":{"line":719,"column":60}},"274":{"start":{"line":737,"column":12},"end":{"line":737,"column":32057}},"275":{"start":{"line":738,"column":16},"end":{"line":738,"column":32108}},"276":{"start":{"line":739,"column":20},"end":{"line":739,"column":32179}},"277":{"start":{"line":740,"column":24},"end":{"line":740,"column":32254}},"278":{"start":{"line":741,"column":28},"end":{"line":741,"column":32333}},"279":{"start":{"line":742,"column":32},"end":{"line":742,"column":32416}},"280":{"start":{"line":743,"column":36},"end":{"line":743,"column":63}},"281":{"start":{"line":745,"column":36},"end":{"line":745,"column":63}},"282":{"start":{"line":748,"column":32},"end":{"line":748,"column":32737}},"283":{"start":{"line":749,"column":36},"end":{"line":749,"column":63}},"284":{"start":{"line":751,"column":36},"end":{"line":751,"column":63}},"285":{"start":{"line":755,"column":28},"end":{"line":755,"column":33076}},"286":{"start":{"line":756,"column":32},"end":{"line":756,"column":33159}},"287":{"start":{"line":757,"column":36},"end":{"line":757,"column":63}},"288":{"start":{"line":759,"column":36},"end":{"line":759,"column":63}},"289":{"start":{"line":762,"column":32},"end":{"line":762,"column":33480}},"290":{"start":{"line":763,"column":36},"end":{"line":763,"column":63}},"291":{"start":{"line":765,"column":36},"end":{"line":765,"column":63}},"292":{"start":{"line":770,"column":24},"end":{"line":770,"column":33833}},"293":{"start":{"line":771,"column":28},"end":{"line":771,"column":33912}},"294":{"start":{"line":772,"column":32},"end":{"line":772,"column":33995}},"295":{"start":{"line":773,"column":36},"end":{"line":773,"column":63}},"296":{"start":{"line":775,"column":36},"end":{"line":775,"column":63}},"297":{"start":{"line":778,"column":32},"end":{"line":778,"column":34316}},"298":{"start":{"line":779,"column":36},"end":{"line":779,"column":63}},"299":{"start":{"line":781,"column":36},"end":{"line":781,"column":63}},"300":{"start":{"line":785,"column":28},"end":{"line":785,"column":34655}},"301":{"start":{"line":786,"column":32},"end":{"line":786,"column":34738}},"302":{"start":{"line":787,"column":36},"end":{"line":787,"column":63}},"303":{"start":{"line":789,"column":36},"end":{"line":789,"column":63}},"304":{"start":{"line":792,"column":32},"end":{"line":792,"column":35059}},"305":{"start":{"line":793,"column":36},"end":{"line":793,"column":63}},"306":{"start":{"line":795,"column":36},"end":{"line":795,"column":63}},"307":{"start":{"line":801,"column":20},"end":{"line":801,"column":35422}},"308":{"start":{"line":802,"column":24},"end":{"line":802,"column":35497}},"309":{"start":{"line":803,"column":28},"end":{"line":803,"column":35576}},"310":{"start":{"line":804,"column":32},"end":{"line":804,"column":35659}},"311":{"start":{"line":805,"column":36},"end":{"line":805,"column":63}},"312":{"start":{"line":807,"column":36},"end":{"line":807,"column":63}},"313":{"start":{"line":810,"column":32},"end":{"line":810,"column":35980}},"314":{"start":{"line":811,"column":36},"end":{"line":811,"column":63}},"315":{"start":{"line":813,"column":36},"end":{"line":813,"column":63}},"316":{"start":{"line":817,"column":28},"end":{"line":817,"column":36319}},"317":{"start":{"line":818,"column":32},"end":{"line":818,"column":36402}},"318":{"start":{"line":819,"column":36},"end":{"line":819,"column":63}},"319":{"start":{"line":821,"column":36},"end":{"line":821,"column":63}},"320":{"start":{"line":824,"column":32},"end":{"line":824,"column":36723}},"321":{"start":{"line":825,"column":36},"end":{"line":825,"column":63}},"322":{"start":{"line":827,"column":36},"end":{"line":827,"column":63}},"323":{"start":{"line":832,"column":24},"end":{"line":832,"column":37076}},"324":{"start":{"line":833,"column":28},"end":{"line":833,"column":37155}},"325":{"start":{"line":834,"column":32},"end":{"line":834,"column":37238}},"326":{"start":{"line":835,"column":36},"end":{"line":835,"column":63}},"327":{"start":{"line":837,"column":36},"end":{"line":837,"column":63}},"328":{"start":{"line":840,"column":32},"end":{"line":840,"column":37559}},"329":{"start":{"line":841,"column":36},"end":{"line":841,"column":63}},"330":{"start":{"line":843,"column":36},"end":{"line":843,"column":63}},"331":{"start":{"line":847,"column":28},"end":{"line":847,"column":37898}},"332":{"start":{"line":848,"column":32},"end":{"line":848,"column":37981}},"333":{"start":{"line":849,"column":36},"end":{"line":849,"column":63}},"334":{"start":{"line":851,"column":36},"end":{"line":851,"column":63}},"335":{"start":{"line":854,"column":32},"end":{"line":854,"column":38302}},"336":{"start":{"line":855,"column":36},"end":{"line":855,"column":63}},"337":{"start":{"line":857,"column":36},"end":{"line":857,"column":63}},"338":{"start":{"line":864,"column":16},"end":{"line":864,"column":38672}},"339":{"start":{"line":865,"column":20},"end":{"line":865,"column":38742}},"340":{"start":{"line":866,"column":24},"end":{"line":866,"column":38816}},"341":{"start":{"line":867,"column":28},"end":{"line":867,"column":38894}},"342":{"start":{"line":868,"column":32},"end":{"line":868,"column":38976}},"343":{"start":{"line":869,"column":36},"end":{"line":869,"column":63}},"344":{"start":{"line":871,"column":36},"end":{"line":871,"column":63}},"345":{"start":{"line":874,"column":32},"end":{"line":874,"column":39296}},"346":{"start":{"line":875,"column":36},"end":{"line":875,"column":63}},"347":{"start":{"line":877,"column":36},"end":{"line":877,"column":63}},"348":{"start":{"line":881,"column":28},"end":{"line":881,"column":39634}},"349":{"start":{"line":882,"column":32},"end":{"line":882,"column":39716}},"350":{"start":{"line":883,"column":36},"end":{"line":883,"column":63}},"351":{"start":{"line":885,"column":36},"end":{"line":885,"column":63}},"352":{"start":{"line":888,"column":32},"end":{"line":888,"column":40036}},"353":{"start":{"line":889,"column":36},"end":{"line":889,"column":63}},"354":{"start":{"line":891,"column":36},"end":{"line":891,"column":63}},"355":{"start":{"line":896,"column":24},"end":{"line":896,"column":40388}},"356":{"start":{"line":897,"column":28},"end":{"line":897,"column":40466}},"357":{"start":{"line":898,"column":32},"end":{"line":898,"column":40548}},"358":{"start":{"line":899,"column":36},"end":{"line":899,"column":63}},"359":{"start":{"line":901,"column":36},"end":{"line":901,"column":63}},"360":{"start":{"line":904,"column":32},"end":{"line":904,"column":40868}},"361":{"start":{"line":905,"column":36},"end":{"line":905,"column":63}},"362":{"start":{"line":907,"column":36},"end":{"line":907,"column":63}},"363":{"start":{"line":911,"column":28},"end":{"line":911,"column":41206}},"364":{"start":{"line":912,"column":32},"end":{"line":912,"column":41288}},"365":{"start":{"line":913,"column":36},"end":{"line":913,"column":63}},"366":{"start":{"line":915,"column":36},"end":{"line":915,"column":63}},"367":{"start":{"line":918,"column":32},"end":{"line":918,"column":41608}},"368":{"start":{"line":919,"column":36},"end":{"line":919,"column":63}},"369":{"start":{"line":921,"column":36},"end":{"line":921,"column":63}},"370":{"start":{"line":927,"column":20},"end":{"line":927,"column":41970}},"371":{"start":{"line":928,"column":24},"end":{"line":928,"column":42043}},"372":{"start":{"line":929,"column":28},"end":{"line":929,"column":42121}},"373":{"start":{"line":930,"column":32},"end":{"line":930,"column":42203}},"374":{"start":{"line":931,"column":36},"end":{"line":931,"column":63}},"375":{"start":{"line":933,"column":36},"end":{"line":933,"column":63}},"376":{"start":{"line":936,"column":32},"end":{"line":936,"column":42523}},"377":{"start":{"line":937,"column":36},"end":{"line":937,"column":63}},"378":{"start":{"line":939,"column":36},"end":{"line":939,"column":63}},"379":{"start":{"line":943,"column":28},"end":{"line":943,"column":42861}},"380":{"start":{"line":944,"column":32},"end":{"line":944,"column":42943}},"381":{"start":{"line":945,"column":36},"end":{"line":945,"column":63}},"382":{"start":{"line":947,"column":36},"end":{"line":947,"column":63}},"383":{"start":{"line":950,"column":32},"end":{"line":950,"column":43263}},"384":{"start":{"line":951,"column":36},"end":{"line":951,"column":63}},"385":{"start":{"line":953,"column":36},"end":{"line":953,"column":63}},"386":{"start":{"line":958,"column":24},"end":{"line":958,"column":43614}},"387":{"start":{"line":959,"column":28},"end":{"line":959,"column":43691}},"388":{"start":{"line":960,"column":32},"end":{"line":960,"column":43772}},"389":{"start":{"line":961,"column":36},"end":{"line":961,"column":63}},"390":{"start":{"line":963,"column":36},"end":{"line":963,"column":63}},"391":{"start":{"line":966,"column":32},"end":{"line":966,"column":44091}},"392":{"start":{"line":967,"column":36},"end":{"line":967,"column":63}},"393":{"start":{"line":969,"column":36},"end":{"line":969,"column":63}},"394":{"start":{"line":973,"column":28},"end":{"line":973,"column":44428}},"395":{"start":{"line":974,"column":32},"end":{"line":974,"column":44509}},"396":{"start":{"line":975,"column":36},"end":{"line":975,"column":63}},"397":{"start":{"line":977,"column":36},"end":{"line":977,"column":63}},"398":{"start":{"line":981,"column":32},"end":{"line":981,"column":59}},"399":{"start":{"line":1012,"column":12},"end":{"line":1012,"column":45758}},"400":{"start":{"line":1013,"column":16},"end":{"line":1013,"column":45805}},"401":{"start":{"line":1014,"column":20},"end":{"line":1014,"column":31}},"402":{"start":{"line":1016,"column":20},"end":{"line":1016,"column":30}},"403":{"start":{"line":1025,"column":12},"end":{"line":1025,"column":21}}},"branchMap":{"1":{"line":41,"type":"if","locations":[{"start":{"line":41,"column":12},"end":{"line":41,"column":12}},{"start":{"line":41,"column":12},"end":{"line":41,"column":12}}]},"2":{"line":42,"type":"if","locations":[{"start":{"line":42,"column":12},"end":{"line":42,"column":12}},{"start":{"line":42,"column":12},"end":{"line":42,"column":12}}]},"3":{"line":43,"type":"if","locations":[{"start":{"line":43,"column":12},"end":{"line":43,"column":12}},{"start":{"line":43,"column":12},"end":{"line":43,"column":12}}]},"4":{"line":44,"type":"if","locations":[{"start":{"line":44,"column":12},"end":{"line":44,"column":12}},{"start":{"line":44,"column":12},"end":{"line":44,"column":12}}]},"5":{"line":45,"type":"if","locations":[{"start":{"line":45,"column":12},"end":{"line":45,"column":12}},{"start":{"line":45,"column":12},"end":{"line":45,"column":12}}]},"6":{"line":46,"type":"if","locations":[{"start":{"line":46,"column":12},"end":{"line":46,"column":12}},{"start":{"line":46,"column":12},"end":{"line":46,"column":12}}]},"7":{"line":49,"type":"if","locations":[{"start":{"line":49,"column":12},"end":{"line":49,"column":12}},{"start":{"line":49,"column":12},"end":{"line":49,"column":12}}]},"8":{"line":50,"type":"if","locations":[{"start":{"line":50,"column":16},"end":{"line":50,"column":16}},{"start":{"line":50,"column":16},"end":{"line":50,"column":16}}]},"9":{"line":68,"type":"if","locations":[{"start":{"line":68,"column":12},"end":{"line":68,"column":12}},{"start":{"line":68,"column":12},"end":{"line":68,"column":12}}]},"10":{"line":92,"type":"if","locations":[{"start":{"line":92,"column":12},"end":{"line":92,"column":12}},{"start":{"line":92,"column":12},"end":{"line":92,"column":12}}]},"11":{"line":93,"type":"if","locations":[{"start":{"line":93,"column":12},"end":{"line":93,"column":12}},{"start":{"line":93,"column":12},"end":{"line":93,"column":12}}]},"12":{"line":94,"type":"if","locations":[{"start":{"line":94,"column":12},"end":{"line":94,"column":12}},{"start":{"line":94,"column":12},"end":{"line":94,"column":12}}]},"13":{"line":95,"type":"if","locations":[{"start":{"line":95,"column":12},"end":{"line":95,"column":12}},{"start":{"line":95,"column":12},"end":{"line":95,"column":12}}]},"14":{"line":96,"type":"if","locations":[{"start":{"line":96,"column":12},"end":{"line":96,"column":12}},{"start":{"line":96,"column":12},"end":{"line":96,"column":12}}]},"15":{"line":97,"type":"if","locations":[{"start":{"line":97,"column":12},"end":{"line":97,"column":12}},{"start":{"line":97,"column":12},"end":{"line":97,"column":12}}]},"16":{"line":100,"type":"if","locations":[{"start":{"line":100,"column":12},"end":{"line":100,"column":12}},{"start":{"line":100,"column":12},"end":{"line":100,"column":12}}]},"17":{"line":101,"type":"if","locations":[{"start":{"line":101,"column":16},"end":{"line":101,"column":16}},{"start":{"line":101,"column":16},"end":{"line":101,"column":16}}]},"18":{"line":119,"type":"if","locations":[{"start":{"line":119,"column":12},"end":{"line":119,"column":12}},{"start":{"line":119,"column":12},"end":{"line":119,"column":12}}]},"19":{"line":136,"type":"if","locations":[{"start":{"line":136,"column":12},"end":{"line":136,"column":12}},{"start":{"line":136,"column":12},"end":{"line":136,"column":12}}]},"20":{"line":137,"type":"if","locations":[{"start":{"line":137,"column":12},"end":{"line":137,"column":12}},{"start":{"line":137,"column":12},"end":{"line":137,"column":12}}]},"21":{"line":138,"type":"if","locations":[{"start":{"line":138,"column":12},"end":{"line":138,"column":12}},{"start":{"line":138,"column":12},"end":{"line":138,"column":12}}]},"22":{"line":141,"type":"if","locations":[{"start":{"line":141,"column":12},"end":{"line":141,"column":12}},{"start":{"line":141,"column":12},"end":{"line":141,"column":12}}]},"23":{"line":162,"type":"if","locations":[{"start":{"line":162,"column":12},"end":{"line":162,"column":12}},{"start":{"line":162,"column":12},"end":{"line":162,"column":12}}]},"24":{"line":168,"type":"if","locations":[{"start":{"line":168,"column":12},"end":{"line":168,"column":12}},{"start":{"line":168,"column":12},"end":{"line":168,"column":12}}]},"25":{"line":176,"type":"if","locations":[{"start":{"line":176,"column":12},"end":{"line":176,"column":12}},{"start":{"line":176,"column":12},"end":{"line":176,"column":12}}]},"26":{"line":197,"type":"if","locations":[{"start":{"line":197,"column":12},"end":{"line":197,"column":12}},{"start":{"line":197,"column":12},"end":{"line":197,"column":12}}]},"27":{"line":211,"type":"if","locations":[{"start":{"line":211,"column":12},"end":{"line":211,"column":12}},{"start":{"line":211,"column":12},"end":{"line":211,"column":12}}]},"28":{"line":233,"type":"if","locations":[{"start":{"line":233,"column":12},"end":{"line":233,"column":12}},{"start":{"line":233,"column":12},"end":{"line":233,"column":12}}]},"29":{"line":248,"type":"if","locations":[{"start":{"line":248,"column":12},"end":{"line":248,"column":12}},{"start":{"line":248,"column":12},"end":{"line":248,"column":12}}]},"30":{"line":254,"type":"if","locations":[{"start":{"line":254,"column":12},"end":{"line":254,"column":12}},{"start":{"line":254,"column":12},"end":{"line":254,"column":12}}]},"31":{"line":290,"type":"if","locations":[{"start":{"line":290,"column":12},"end":{"line":290,"column":12}},{"start":{"line":290,"column":12},"end":{"line":290,"column":12}}]},"32":{"line":330,"type":"if","locations":[{"start":{"line":330,"column":12},"end":{"line":330,"column":12}},{"start":{"line":330,"column":12},"end":{"line":330,"column":12}}]},"33":{"line":331,"type":"if","locations":[{"start":{"line":331,"column":16},"end":{"line":331,"column":16}},{"start":{"line":331,"column":16},"end":{"line":331,"column":16}}]},"34":{"line":332,"type":"if","locations":[{"start":{"line":332,"column":20},"end":{"line":332,"column":20}},{"start":{"line":332,"column":20},"end":{"line":332,"column":20}}]},"35":{"line":333,"type":"if","locations":[{"start":{"line":333,"column":24},"end":{"line":333,"column":24}},{"start":{"line":333,"column":24},"end":{"line":333,"column":24}}]},"36":{"line":334,"type":"if","locations":[{"start":{"line":334,"column":28},"end":{"line":334,"column":28}},{"start":{"line":334,"column":28},"end":{"line":334,"column":28}}]},"37":{"line":340,"type":"if","locations":[{"start":{"line":340,"column":28},"end":{"line":340,"column":28}},{"start":{"line":340,"column":28},"end":{"line":340,"column":28}}]},"38":{"line":347,"type":"if","locations":[{"start":{"line":347,"column":24},"end":{"line":347,"column":24}},{"start":{"line":347,"column":24},"end":{"line":347,"column":24}}]},"39":{"line":348,"type":"if","locations":[{"start":{"line":348,"column":28},"end":{"line":348,"column":28}},{"start":{"line":348,"column":28},"end":{"line":348,"column":28}}]},"40":{"line":354,"type":"if","locations":[{"start":{"line":354,"column":28},"end":{"line":354,"column":28}},{"start":{"line":354,"column":28},"end":{"line":354,"column":28}}]},"41":{"line":362,"type":"if","locations":[{"start":{"line":362,"column":20},"end":{"line":362,"column":20}},{"start":{"line":362,"column":20},"end":{"line":362,"column":20}}]},"42":{"line":363,"type":"if","locations":[{"start":{"line":363,"column":24},"end":{"line":363,"column":24}},{"start":{"line":363,"column":24},"end":{"line":363,"column":24}}]},"43":{"line":364,"type":"if","locations":[{"start":{"line":364,"column":28},"end":{"line":364,"column":28}},{"start":{"line":364,"column":28},"end":{"line":364,"column":28}}]},"44":{"line":370,"type":"if","locations":[{"start":{"line":370,"column":28},"end":{"line":370,"column":28}},{"start":{"line":370,"column":28},"end":{"line":370,"column":28}}]},"45":{"line":377,"type":"if","locations":[{"start":{"line":377,"column":24},"end":{"line":377,"column":24}},{"start":{"line":377,"column":24},"end":{"line":377,"column":24}}]},"46":{"line":378,"type":"if","locations":[{"start":{"line":378,"column":28},"end":{"line":378,"column":28}},{"start":{"line":378,"column":28},"end":{"line":378,"column":28}}]},"47":{"line":384,"type":"if","locations":[{"start":{"line":384,"column":28},"end":{"line":384,"column":28}},{"start":{"line":384,"column":28},"end":{"line":384,"column":28}}]},"48":{"line":393,"type":"if","locations":[{"start":{"line":393,"column":16},"end":{"line":393,"column":16}},{"start":{"line":393,"column":16},"end":{"line":393,"column":16}}]},"49":{"line":394,"type":"if","locations":[{"start":{"line":394,"column":20},"end":{"line":394,"column":20}},{"start":{"line":394,"column":20},"end":{"line":394,"column":20}}]},"50":{"line":395,"type":"if","locations":[{"start":{"line":395,"column":24},"end":{"line":395,"column":24}},{"start":{"line":395,"column":24},"end":{"line":395,"column":24}}]},"51":{"line":396,"type":"if","locations":[{"start":{"line":396,"column":28},"end":{"line":396,"column":28}},{"start":{"line":396,"column":28},"end":{"line":396,"column":28}}]},"52":{"line":402,"type":"if","locations":[{"start":{"line":402,"column":28},"end":{"line":402,"column":28}},{"start":{"line":402,"column":28},"end":{"line":402,"column":28}}]},"53":{"line":409,"type":"if","locations":[{"start":{"line":409,"column":24},"end":{"line":409,"column":24}},{"start":{"line":409,"column":24},"end":{"line":409,"column":24}}]},"54":{"line":410,"type":"if","locations":[{"start":{"line":410,"column":28},"end":{"line":410,"column":28}},{"start":{"line":410,"column":28},"end":{"line":410,"column":28}}]},"55":{"line":416,"type":"if","locations":[{"start":{"line":416,"column":28},"end":{"line":416,"column":28}},{"start":{"line":416,"column":28},"end":{"line":416,"column":28}}]},"56":{"line":424,"type":"if","locations":[{"start":{"line":424,"column":20},"end":{"line":424,"column":20}},{"start":{"line":424,"column":20},"end":{"line":424,"column":20}}]},"57":{"line":425,"type":"if","locations":[{"start":{"line":425,"column":24},"end":{"line":425,"column":24}},{"start":{"line":425,"column":24},"end":{"line":425,"column":24}}]},"58":{"line":426,"type":"if","locations":[{"start":{"line":426,"column":28},"end":{"line":426,"column":28}},{"start":{"line":426,"column":28},"end":{"line":426,"column":28}}]},"59":{"line":432,"type":"if","locations":[{"start":{"line":432,"column":28},"end":{"line":432,"column":28}},{"start":{"line":432,"column":28},"end":{"line":432,"column":28}}]},"60":{"line":439,"type":"if","locations":[{"start":{"line":439,"column":24},"end":{"line":439,"column":24}},{"start":{"line":439,"column":24},"end":{"line":439,"column":24}}]},"61":{"line":440,"type":"if","locations":[{"start":{"line":440,"column":28},"end":{"line":440,"column":28}},{"start":{"line":440,"column":28},"end":{"line":440,"column":28}}]},"62":{"line":469,"type":"if","locations":[{"start":{"line":469,"column":12},"end":{"line":469,"column":12}},{"start":{"line":469,"column":12},"end":{"line":469,"column":12}}]},"63":{"line":470,"type":"if","locations":[{"start":{"line":470,"column":16},"end":{"line":470,"column":16}},{"start":{"line":470,"column":16},"end":{"line":470,"column":16}}]},"64":{"line":471,"type":"if","locations":[{"start":{"line":471,"column":20},"end":{"line":471,"column":20}},{"start":{"line":471,"column":20},"end":{"line":471,"column":20}}]},"65":{"line":472,"type":"if","locations":[{"start":{"line":472,"column":24},"end":{"line":472,"column":24}},{"start":{"line":472,"column":24},"end":{"line":472,"column":24}}]},"66":{"line":473,"type":"if","locations":[{"start":{"line":473,"column":28},"end":{"line":473,"column":28}},{"start":{"line":473,"column":28},"end":{"line":473,"column":28}}]},"67":{"line":479,"type":"if","locations":[{"start":{"line":479,"column":28},"end":{"line":479,"column":28}},{"start":{"line":479,"column":28},"end":{"line":479,"column":28}}]},"68":{"line":486,"type":"if","locations":[{"start":{"line":486,"column":24},"end":{"line":486,"column":24}},{"start":{"line":486,"column":24},"end":{"line":486,"column":24}}]},"69":{"line":487,"type":"if","locations":[{"start":{"line":487,"column":28},"end":{"line":487,"column":28}},{"start":{"line":487,"column":28},"end":{"line":487,"column":28}}]},"70":{"line":493,"type":"if","locations":[{"start":{"line":493,"column":28},"end":{"line":493,"column":28}},{"start":{"line":493,"column":28},"end":{"line":493,"column":28}}]},"71":{"line":501,"type":"if","locations":[{"start":{"line":501,"column":20},"end":{"line":501,"column":20}},{"start":{"line":501,"column":20},"end":{"line":501,"column":20}}]},"72":{"line":502,"type":"if","locations":[{"start":{"line":502,"column":24},"end":{"line":502,"column":24}},{"start":{"line":502,"column":24},"end":{"line":502,"column":24}}]},"73":{"line":503,"type":"if","locations":[{"start":{"line":503,"column":28},"end":{"line":503,"column":28}},{"start":{"line":503,"column":28},"end":{"line":503,"column":28}}]},"74":{"line":509,"type":"if","locations":[{"start":{"line":509,"column":28},"end":{"line":509,"column":28}},{"start":{"line":509,"column":28},"end":{"line":509,"column":28}}]},"75":{"line":516,"type":"if","locations":[{"start":{"line":516,"column":24},"end":{"line":516,"column":24}},{"start":{"line":516,"column":24},"end":{"line":516,"column":24}}]},"76":{"line":517,"type":"if","locations":[{"start":{"line":517,"column":28},"end":{"line":517,"column":28}},{"start":{"line":517,"column":28},"end":{"line":517,"column":28}}]},"77":{"line":523,"type":"if","locations":[{"start":{"line":523,"column":28},"end":{"line":523,"column":28}},{"start":{"line":523,"column":28},"end":{"line":523,"column":28}}]},"78":{"line":532,"type":"if","locations":[{"start":{"line":532,"column":16},"end":{"line":532,"column":16}},{"start":{"line":532,"column":16},"end":{"line":532,"column":16}}]},"79":{"line":533,"type":"if","locations":[{"start":{"line":533,"column":20},"end":{"line":533,"column":20}},{"start":{"line":533,"column":20},"end":{"line":533,"column":20}}]},"80":{"line":534,"type":"if","locations":[{"start":{"line":534,"column":24},"end":{"line":534,"column":24}},{"start":{"line":534,"column":24},"end":{"line":534,"column":24}}]},"81":{"line":535,"type":"if","locations":[{"start":{"line":535,"column":28},"end":{"line":535,"column":28}},{"start":{"line":535,"column":28},"end":{"line":535,"column":28}}]},"82":{"line":541,"type":"if","locations":[{"start":{"line":541,"column":28},"end":{"line":541,"column":28}},{"start":{"line":541,"column":28},"end":{"line":541,"column":28}}]},"83":{"line":548,"type":"if","locations":[{"start":{"line":548,"column":24},"end":{"line":548,"column":24}},{"start":{"line":548,"column":24},"end":{"line":548,"column":24}}]},"84":{"line":549,"type":"if","locations":[{"start":{"line":549,"column":28},"end":{"line":549,"column":28}},{"start":{"line":549,"column":28},"end":{"line":549,"column":28}}]},"85":{"line":555,"type":"if","locations":[{"start":{"line":555,"column":28},"end":{"line":555,"column":28}},{"start":{"line":555,"column":28},"end":{"line":555,"column":28}}]},"86":{"line":563,"type":"if","locations":[{"start":{"line":563,"column":20},"end":{"line":563,"column":20}},{"start":{"line":563,"column":20},"end":{"line":563,"column":20}}]},"87":{"line":564,"type":"if","locations":[{"start":{"line":564,"column":24},"end":{"line":564,"column":24}},{"start":{"line":564,"column":24},"end":{"line":564,"column":24}}]},"88":{"line":565,"type":"if","locations":[{"start":{"line":565,"column":28},"end":{"line":565,"column":28}},{"start":{"line":565,"column":28},"end":{"line":565,"column":28}}]},"89":{"line":571,"type":"if","locations":[{"start":{"line":571,"column":28},"end":{"line":571,"column":28}},{"start":{"line":571,"column":28},"end":{"line":571,"column":28}}]},"90":{"line":578,"type":"if","locations":[{"start":{"line":578,"column":24},"end":{"line":578,"column":24}},{"start":{"line":578,"column":24},"end":{"line":578,"column":24}}]},"91":{"line":579,"type":"if","locations":[{"start":{"line":579,"column":28},"end":{"line":579,"column":28}},{"start":{"line":579,"column":28},"end":{"line":579,"column":28}}]},"92":{"line":602,"type":"if","locations":[{"start":{"line":602,"column":12},"end":{"line":602,"column":12}},{"start":{"line":602,"column":12},"end":{"line":602,"column":12}}]},"93":{"line":603,"type":"if","locations":[{"start":{"line":603,"column":16},"end":{"line":603,"column":16}},{"start":{"line":603,"column":16},"end":{"line":603,"column":16}}]},"94":{"line":604,"type":"if","locations":[{"start":{"line":604,"column":20},"end":{"line":604,"column":20}},{"start":{"line":604,"column":20},"end":{"line":604,"column":20}}]},"95":{"line":605,"type":"if","locations":[{"start":{"line":605,"column":24},"end":{"line":605,"column":24}},{"start":{"line":605,"column":24},"end":{"line":605,"column":24}}]},"96":{"line":606,"type":"if","locations":[{"start":{"line":606,"column":28},"end":{"line":606,"column":28}},{"start":{"line":606,"column":28},"end":{"line":606,"column":28}}]},"97":{"line":612,"type":"if","locations":[{"start":{"line":612,"column":28},"end":{"line":612,"column":28}},{"start":{"line":612,"column":28},"end":{"line":612,"column":28}}]},"98":{"line":619,"type":"if","locations":[{"start":{"line":619,"column":24},"end":{"line":619,"column":24}},{"start":{"line":619,"column":24},"end":{"line":619,"column":24}}]},"99":{"line":620,"type":"if","locations":[{"start":{"line":620,"column":28},"end":{"line":620,"column":28}},{"start":{"line":620,"column":28},"end":{"line":620,"column":28}}]},"100":{"line":626,"type":"if","locations":[{"start":{"line":626,"column":28},"end":{"line":626,"column":28}},{"start":{"line":626,"column":28},"end":{"line":626,"column":28}}]},"101":{"line":634,"type":"if","locations":[{"start":{"line":634,"column":20},"end":{"line":634,"column":20}},{"start":{"line":634,"column":20},"end":{"line":634,"column":20}}]},"102":{"line":635,"type":"if","locations":[{"start":{"line":635,"column":24},"end":{"line":635,"column":24}},{"start":{"line":635,"column":24},"end":{"line":635,"column":24}}]},"103":{"line":636,"type":"if","locations":[{"start":{"line":636,"column":28},"end":{"line":636,"column":28}},{"start":{"line":636,"column":28},"end":{"line":636,"column":28}}]},"104":{"line":642,"type":"if","locations":[{"start":{"line":642,"column":28},"end":{"line":642,"column":28}},{"start":{"line":642,"column":28},"end":{"line":642,"column":28}}]},"105":{"line":649,"type":"if","locations":[{"start":{"line":649,"column":24},"end":{"line":649,"column":24}},{"start":{"line":649,"column":24},"end":{"line":649,"column":24}}]},"106":{"line":650,"type":"if","locations":[{"start":{"line":650,"column":28},"end":{"line":650,"column":28}},{"start":{"line":650,"column":28},"end":{"line":650,"column":28}}]},"107":{"line":656,"type":"if","locations":[{"start":{"line":656,"column":28},"end":{"line":656,"column":28}},{"start":{"line":656,"column":28},"end":{"line":656,"column":28}}]},"108":{"line":665,"type":"if","locations":[{"start":{"line":665,"column":16},"end":{"line":665,"column":16}},{"start":{"line":665,"column":16},"end":{"line":665,"column":16}}]},"109":{"line":666,"type":"if","locations":[{"start":{"line":666,"column":20},"end":{"line":666,"column":20}},{"start":{"line":666,"column":20},"end":{"line":666,"column":20}}]},"110":{"line":667,"type":"if","locations":[{"start":{"line":667,"column":24},"end":{"line":667,"column":24}},{"start":{"line":667,"column":24},"end":{"line":667,"column":24}}]},"111":{"line":668,"type":"if","locations":[{"start":{"line":668,"column":28},"end":{"line":668,"column":28}},{"start":{"line":668,"column":28},"end":{"line":668,"column":28}}]},"112":{"line":674,"type":"if","locations":[{"start":{"line":674,"column":28},"end":{"line":674,"column":28}},{"start":{"line":674,"column":28},"end":{"line":674,"column":28}}]},"113":{"line":681,"type":"if","locations":[{"start":{"line":681,"column":24},"end":{"line":681,"column":24}},{"start":{"line":681,"column":24},"end":{"line":681,"column":24}}]},"114":{"line":682,"type":"if","locations":[{"start":{"line":682,"column":28},"end":{"line":682,"column":28}},{"start":{"line":682,"column":28},"end":{"line":682,"column":28}}]},"115":{"line":688,"type":"if","locations":[{"start":{"line":688,"column":28},"end":{"line":688,"column":28}},{"start":{"line":688,"column":28},"end":{"line":688,"column":28}}]},"116":{"line":696,"type":"if","locations":[{"start":{"line":696,"column":20},"end":{"line":696,"column":20}},{"start":{"line":696,"column":20},"end":{"line":696,"column":20}}]},"117":{"line":697,"type":"if","locations":[{"start":{"line":697,"column":24},"end":{"line":697,"column":24}},{"start":{"line":697,"column":24},"end":{"line":697,"column":24}}]},"118":{"line":698,"type":"if","locations":[{"start":{"line":698,"column":28},"end":{"line":698,"column":28}},{"start":{"line":698,"column":28},"end":{"line":698,"column":28}}]},"119":{"line":704,"type":"if","locations":[{"start":{"line":704,"column":28},"end":{"line":704,"column":28}},{"start":{"line":704,"column":28},"end":{"line":704,"column":28}}]},"120":{"line":711,"type":"if","locations":[{"start":{"line":711,"column":24},"end":{"line":711,"column":24}},{"start":{"line":711,"column":24},"end":{"line":711,"column":24}}]},"121":{"line":712,"type":"if","locations":[{"start":{"line":712,"column":28},"end":{"line":712,"column":28}},{"start":{"line":712,"column":28},"end":{"line":712,"column":28}}]},"122":{"line":737,"type":"if","locations":[{"start":{"line":737,"column":12},"end":{"line":737,"column":12}},{"start":{"line":737,"column":12},"end":{"line":737,"column":12}}]},"123":{"line":738,"type":"if","locations":[{"start":{"line":738,"column":16},"end":{"line":738,"column":16}},{"start":{"line":738,"column":16},"end":{"line":738,"column":16}}]},"124":{"line":739,"type":"if","locations":[{"start":{"line":739,"column":20},"end":{"line":739,"column":20}},{"start":{"line":739,"column":20},"end":{"line":739,"column":20}}]},"125":{"line":740,"type":"if","locations":[{"start":{"line":740,"column":24},"end":{"line":740,"column":24}},{"start":{"line":740,"column":24},"end":{"line":740,"column":24}}]},"126":{"line":741,"type":"if","locations":[{"start":{"line":741,"column":28},"end":{"line":741,"column":28}},{"start":{"line":741,"column":28},"end":{"line":741,"column":28}}]},"127":{"line":742,"type":"if","locations":[{"start":{"line":742,"column":32},"end":{"line":742,"column":32}},{"start":{"line":742,"column":32},"end":{"line":742,"column":32}}]},"128":{"line":748,"type":"if","locations":[{"start":{"line":748,"column":32},"end":{"line":748,"column":32}},{"start":{"line":748,"column":32},"end":{"line":748,"column":32}}]},"129":{"line":755,"type":"if","locations":[{"start":{"line":755,"column":28},"end":{"line":755,"column":28}},{"start":{"line":755,"column":28},"end":{"line":755,"column":28}}]},"130":{"line":756,"type":"if","locations":[{"start":{"line":756,"column":32},"end":{"line":756,"column":32}},{"start":{"line":756,"column":32},"end":{"line":756,"column":32}}]},"131":{"line":762,"type":"if","locations":[{"start":{"line":762,"column":32},"end":{"line":762,"column":32}},{"start":{"line":762,"column":32},"end":{"line":762,"column":32}}]},"132":{"line":770,"type":"if","locations":[{"start":{"line":770,"column":24},"end":{"line":770,"column":24}},{"start":{"line":770,"column":24},"end":{"line":770,"column":24}}]},"133":{"line":771,"type":"if","locations":[{"start":{"line":771,"column":28},"end":{"line":771,"column":28}},{"start":{"line":771,"column":28},"end":{"line":771,"column":28}}]},"134":{"line":772,"type":"if","locations":[{"start":{"line":772,"column":32},"end":{"line":772,"column":32}},{"start":{"line":772,"column":32},"end":{"line":772,"column":32}}]},"135":{"line":778,"type":"if","locations":[{"start":{"line":778,"column":32},"end":{"line":778,"column":32}},{"start":{"line":778,"column":32},"end":{"line":778,"column":32}}]},"136":{"line":785,"type":"if","locations":[{"start":{"line":785,"column":28},"end":{"line":785,"column":28}},{"start":{"line":785,"column":28},"end":{"line":785,"column":28}}]},"137":{"line":786,"type":"if","locations":[{"start":{"line":786,"column":32},"end":{"line":786,"column":32}},{"start":{"line":786,"column":32},"end":{"line":786,"column":32}}]},"138":{"line":792,"type":"if","locations":[{"start":{"line":792,"column":32},"end":{"line":792,"column":32}},{"start":{"line":792,"column":32},"end":{"line":792,"column":32}}]},"139":{"line":801,"type":"if","locations":[{"start":{"line":801,"column":20},"end":{"line":801,"column":20}},{"start":{"line":801,"column":20},"end":{"line":801,"column":20}}]},"140":{"line":802,"type":"if","locations":[{"start":{"line":802,"column":24},"end":{"line":802,"column":24}},{"start":{"line":802,"column":24},"end":{"line":802,"column":24}}]},"141":{"line":803,"type":"if","locations":[{"start":{"line":803,"column":28},"end":{"line":803,"column":28}},{"start":{"line":803,"column":28},"end":{"line":803,"column":28}}]},"142":{"line":804,"type":"if","locations":[{"start":{"line":804,"column":32},"end":{"line":804,"column":32}},{"start":{"line":804,"column":32},"end":{"line":804,"column":32}}]},"143":{"line":810,"type":"if","locations":[{"start":{"line":810,"column":32},"end":{"line":810,"column":32}},{"start":{"line":810,"column":32},"end":{"line":810,"column":32}}]},"144":{"line":817,"type":"if","locations":[{"start":{"line":817,"column":28},"end":{"line":817,"column":28}},{"start":{"line":817,"column":28},"end":{"line":817,"column":28}}]},"145":{"line":818,"type":"if","locations":[{"start":{"line":818,"column":32},"end":{"line":818,"column":32}},{"start":{"line":818,"column":32},"end":{"line":818,"column":32}}]},"146":{"line":824,"type":"if","locations":[{"start":{"line":824,"column":32},"end":{"line":824,"column":32}},{"start":{"line":824,"column":32},"end":{"line":824,"column":32}}]},"147":{"line":832,"type":"if","locations":[{"start":{"line":832,"column":24},"end":{"line":832,"column":24}},{"start":{"line":832,"column":24},"end":{"line":832,"column":24}}]},"148":{"line":833,"type":"if","locations":[{"start":{"line":833,"column":28},"end":{"line":833,"column":28}},{"start":{"line":833,"column":28},"end":{"line":833,"column":28}}]},"149":{"line":834,"type":"if","locations":[{"start":{"line":834,"column":32},"end":{"line":834,"column":32}},{"start":{"line":834,"column":32},"end":{"line":834,"column":32}}]},"150":{"line":840,"type":"if","locations":[{"start":{"line":840,"column":32},"end":{"line":840,"column":32}},{"start":{"line":840,"column":32},"end":{"line":840,"column":32}}]},"151":{"line":847,"type":"if","locations":[{"start":{"line":847,"column":28},"end":{"line":847,"column":28}},{"start":{"line":847,"column":28},"end":{"line":847,"column":28}}]},"152":{"line":848,"type":"if","locations":[{"start":{"line":848,"column":32},"end":{"line":848,"column":32}},{"start":{"line":848,"column":32},"end":{"line":848,"column":32}}]},"153":{"line":854,"type":"if","locations":[{"start":{"line":854,"column":32},"end":{"line":854,"column":32}},{"start":{"line":854,"column":32},"end":{"line":854,"column":32}}]},"154":{"line":864,"type":"if","locations":[{"start":{"line":864,"column":16},"end":{"line":864,"column":16}},{"start":{"line":864,"column":16},"end":{"line":864,"column":16}}]},"155":{"line":865,"type":"if","locations":[{"start":{"line":865,"column":20},"end":{"line":865,"column":20}},{"start":{"line":865,"column":20},"end":{"line":865,"column":20}}]},"156":{"line":866,"type":"if","locations":[{"start":{"line":866,"column":24},"end":{"line":866,"column":24}},{"start":{"line":866,"column":24},"end":{"line":866,"column":24}}]},"157":{"line":867,"type":"if","locations":[{"start":{"line":867,"column":28},"end":{"line":867,"column":28}},{"start":{"line":867,"column":28},"end":{"line":867,"column":28}}]},"158":{"line":868,"type":"if","locations":[{"start":{"line":868,"column":32},"end":{"line":868,"column":32}},{"start":{"line":868,"column":32},"end":{"line":868,"column":32}}]},"159":{"line":874,"type":"if","locations":[{"start":{"line":874,"column":32},"end":{"line":874,"column":32}},{"start":{"line":874,"column":32},"end":{"line":874,"column":32}}]},"160":{"line":881,"type":"if","locations":[{"start":{"line":881,"column":28},"end":{"line":881,"column":28}},{"start":{"line":881,"column":28},"end":{"line":881,"column":28}}]},"161":{"line":882,"type":"if","locations":[{"start":{"line":882,"column":32},"end":{"line":882,"column":32}},{"start":{"line":882,"column":32},"end":{"line":882,"column":32}}]},"162":{"line":888,"type":"if","locations":[{"start":{"line":888,"column":32},"end":{"line":888,"column":32}},{"start":{"line":888,"column":32},"end":{"line":888,"column":32}}]},"163":{"line":896,"type":"if","locations":[{"start":{"line":896,"column":24},"end":{"line":896,"column":24}},{"start":{"line":896,"column":24},"end":{"line":896,"column":24}}]},"164":{"line":897,"type":"if","locations":[{"start":{"line":897,"column":28},"end":{"line":897,"column":28}},{"start":{"line":897,"column":28},"end":{"line":897,"column":28}}]},"165":{"line":898,"type":"if","locations":[{"start":{"line":898,"column":32},"end":{"line":898,"column":32}},{"start":{"line":898,"column":32},"end":{"line":898,"column":32}}]},"166":{"line":904,"type":"if","locations":[{"start":{"line":904,"column":32},"end":{"line":904,"column":32}},{"start":{"line":904,"column":32},"end":{"line":904,"column":32}}]},"167":{"line":911,"type":"if","locations":[{"start":{"line":911,"column":28},"end":{"line":911,"column":28}},{"start":{"line":911,"column":28},"end":{"line":911,"column":28}}]},"168":{"line":912,"type":"if","locations":[{"start":{"line":912,"column":32},"end":{"line":912,"column":32}},{"start":{"line":912,"column":32},"end":{"line":912,"column":32}}]},"169":{"line":918,"type":"if","locations":[{"start":{"line":918,"column":32},"end":{"line":918,"column":32}},{"start":{"line":918,"column":32},"end":{"line":918,"column":32}}]},"170":{"line":927,"type":"if","locations":[{"start":{"line":927,"column":20},"end":{"line":927,"column":20}},{"start":{"line":927,"column":20},"end":{"line":927,"column":20}}]},"171":{"line":928,"type":"if","locations":[{"start":{"line":928,"column":24},"end":{"line":928,"column":24}},{"start":{"line":928,"column":24},"end":{"line":928,"column":24}}]},"172":{"line":929,"type":"if","locations":[{"start":{"line":929,"column":28},"end":{"line":929,"column":28}},{"start":{"line":929,"column":28},"end":{"line":929,"column":28}}]},"173":{"line":930,"type":"if","locations":[{"start":{"line":930,"column":32},"end":{"line":930,"column":32}},{"start":{"line":930,"column":32},"end":{"line":930,"column":32}}]},"174":{"line":936,"type":"if","locations":[{"start":{"line":936,"column":32},"end":{"line":936,"column":32}},{"start":{"line":936,"column":32},"end":{"line":936,"column":32}}]},"175":{"line":943,"type":"if","locations":[{"start":{"line":943,"column":28},"end":{"line":943,"column":28}},{"start":{"line":943,"column":28},"end":{"line":943,"column":28}}]},"176":{"line":944,"type":"if","locations":[{"start":{"line":944,"column":32},"end":{"line":944,"column":32}},{"start":{"line":944,"column":32},"end":{"line":944,"column":32}}]},"177":{"line":950,"type":"if","locations":[{"start":{"line":950,"column":32},"end":{"line":950,"column":32}},{"start":{"line":950,"column":32},"end":{"line":950,"column":32}}]},"178":{"line":958,"type":"if","locations":[{"start":{"line":958,"column":24},"end":{"line":958,"column":24}},{"start":{"line":958,"column":24},"end":{"line":958,"column":24}}]},"179":{"line":959,"type":"if","locations":[{"start":{"line":959,"column":28},"end":{"line":959,"column":28}},{"start":{"line":959,"column":28},"end":{"line":959,"column":28}}]},"180":{"line":960,"type":"if","locations":[{"start":{"line":960,"column":32},"end":{"line":960,"column":32}},{"start":{"line":960,"column":32},"end":{"line":960,"column":32}}]},"181":{"line":966,"type":"if","locations":[{"start":{"line":966,"column":32},"end":{"line":966,"column":32}},{"start":{"line":966,"column":32},"end":{"line":966,"column":32}}]},"182":{"line":973,"type":"if","locations":[{"start":{"line":973,"column":28},"end":{"line":973,"column":28}},{"start":{"line":973,"column":28},"end":{"line":973,"column":28}}]},"183":{"line":974,"type":"if","locations":[{"start":{"line":974,"column":32},"end":{"line":974,"column":32}},{"start":{"line":974,"column":32},"end":{"line":974,"column":32}}]},"184":{"line":1012,"type":"if","locations":[{"start":{"line":1012,"column":12},"end":{"line":1012,"column":12}},{"start":{"line":1012,"column":12},"end":{"line":1012,"column":12}}]},"185":{"line":1013,"type":"if","locations":[{"start":{"line":1013,"column":16},"end":{"line":1013,"column":16}},{"start":{"line":1013,"column":16},"end":{"line":1013,"column":16}}]}}},
"contracts/test/BlackScholesCaller.sol":{"l":{"17":7544,"27":7543,"31":1011,"35":1000,"39":2102,"43":1179,"48":0,"52":5530,"57":0,"61":121,"65":326,"69":1658,"70":1658,"71":1658,"73":1658,"75":1658,"77":1658,"79":1658,"85":710,"86":710,"87":710,"88":710,"89":710,"90":241,"91":241,"92":241,"94":469,"95":469,"96":469,"99":710,"103":2760,"104":2760,"105":2760,"106":2760,"107":2313,"108":2313,"109":2313,"111":447,"112":447,"113":447,"117":2760,"121":326,"122":326,"123":326,"124":326,"126":326,"128":326,"130":326,"138":15,"139":15,"140":15,"141":15,"143":15,"145":15,"147":15,"157":226,"158":226,"159":226,"160":226,"162":226,"164":226,"166":226,"176":226,"177":226,"178":226,"179":226,"181":226,"183":226,"185":226},"path":"/Users/konsta/Documents/GitHub/primitive-core/contracts/test/BlackScholesCaller.sol","s":{"1":7544,"2":7543,"3":1011,"4":1000,"5":2102,"6":1179,"7":0,"8":5530,"9":0,"10":121,"11":326,"12":1658,"13":1658,"14":1658,"15":1658,"16":710,"17":710,"18":710,"19":710,"20":710,"21":710,"22":2760,"23":2760,"24":2760,"25":2760,"26":2760,"27":326,"28":326,"29":326,"30":326,"31":15,"32":15,"33":15,"34":15,"35":226,"36":226,"37":226,"38":226,"39":226,"40":226,"41":226,"42":226},"b":{"1":[241,469],"2":[2313,447]},"f":{"1":7544,"2":7543,"3":1011,"4":1000,"5":2102,"6":1179,"7":0,"8":5530,"9":0,"10":121,"11":326,"12":1658,"13":710,"14":2760,"15":326,"16":15,"17":226,"18":226},"fnMap":{"1":{"name":"getCallOptionPrice","line":10,"loc":{"start":{"line":10,"column":4},"end":{"line":18,"column":4}}},"2":{"name":"getPutOptionPrice","line":20,"loc":{"start":{"line":20,"column":4},"end":{"line":28,"column":4}}},"3":{"name":"getFuturePrice","line":30,"loc":{"start":{"line":30,"column":4},"end":{"line":32,"column":4}}},"4":{"name":"expNegative","line":34,"loc":{"start":{"line":34,"column":5},"end":{"line":36,"column":4}}},"5":{"name":"expPositive","line":38,"loc":{"start":{"line":38,"column":4},"end":{"line":40,"column":4}}},"6":{"name":"ln","line":42,"loc":{"start":{"line":42,"column":4},"end":{"line":44,"column":4}}},"7":{"name":"lnUpper","line":47,"loc":{"start":{"line":47,"column":4},"end":{"line":49,"column":4}}},"8":{"name":"sqrt","line":51,"loc":{"start":{"line":51,"column":4},"end":{"line":53,"column":4}}},"9":{"name":"sqrtUpper","line":56,"loc":{"start":{"line":56,"column":4},"end":{"line":58,"column":4}}},"10":{"name":"getD1","line":60,"loc":{"start":{"line":60,"column":4},"end":{"line":62,"column":4}}},"11":{"name":"stdNormCDF","line":64,"loc":{"start":{"line":64,"column":4},"end":{"line":66,"column":4}}},"12":{"name":"expPositiveMG","line":68,"loc":{"start":{"line":68,"column":4},"end":{"line":80,"column":4}}},"13":{"name":"lnMG","line":84,"loc":{"start":{"line":84,"column":4},"end":{"line":100,"column":4}}},"14":{"name":"sqrtMG","line":102,"loc":{"start":{"line":102,"column":4},"end":{"line":118,"column":4}}},"15":{"name":"stdNormCDFMG","line":120,"loc":{"start":{"line":120,"column":4},"end":{"line":131,"column":4}}},"16":{"name":"getFuturePriceMG","line":133,"loc":{"start":{"line":133,"column":4},"end":{"line":148,"column":4}}},"17":{"name":"getCallOptionPriceMG","line":150,"loc":{"start":{"line":150,"column":4},"end":{"line":167,"column":4}}},"18":{"name":"getPutOptionPriceMG","line":169,"loc":{"start":{"line":169,"column":4},"end":{"line":186,"column":4}}}},"statementMap":{"1":{"start":{"line":17,"column":8},"end":{"line":17,"column":98}},"2":{"start":{"line":27,"column":8},"end":{"line":27,"column":97}},"3":{"start":{"line":31,"column":8},"end":{"line":31,"column":74}},"4":{"start":{"line":35,"column":8},"end":{"line":35,"column":45}},"5":{"start":{"line":39,"column":8},"end":{"line":39,"column":45}},"6":{"start":{"line":43,"column":8},"end":{"line":43,"column":36}},"7":{"start":{"line":48,"column":7},"end":{"line":48,"column":40}},"8":{"start":{"line":52,"column":8},"end":{"line":52,"column":38}},"9":{"start":{"line":57,"column":8},"end":{"line":57,"column":43}},"10":{"start":{"line":61,"column":8},"end":{"line":61,"column":73}},"11":{"start":{"line":65,"column":8},"end":{"line":65,"column":44}},"12":{"start":{"line":69,"column":8},"end":{"line":69,"column":22}},"13":{"start":{"line":70,"column":8},"end":{"line":70,"column":24}},"14":{"start":{"line":71,"column":8},"end":{"line":71,"column":22}},"15":{"start":{"line":79,"column":8},"end":{"line":79,"column":32}},"16":{"start":{"line":85,"column":8},"end":{"line":85,"column":29}},"17":{"start":{"line":86,"column":8},"end":{"line":86,"column":27}},"18":{"start":{"line":87,"column":8},"end":{"line":87,"column":24}},"19":{"start":{"line":88,"column":8},"end":{"line":88,"column":22}},"20":{"start":{"line":89,"column":8},"end":{"line":89,"column":2663}},"21":{"start":{"line":99,"column":8},"end":{"line":99,"column":32}},"22":{"start":{"line":103,"column":8},"end":{"line":103,"column":22}},"23":{"start":{"line":104,"column":8},"end":{"line":104,"column":24}},"24":{"start":{"line":105,"column":8},"end":{"line":105,"column":22}},"25":{"start":{"line":106,"column":8},"end":{"line":106,"column":3142}},"26":{"start":{"line":117,"column":8},"end":{"line":117,"column":32}},"27":{"start":{"line":121,"column":8},"end":{"line":121,"column":22}},"28":{"start":{"line":122,"column":8},"end":{"line":122,"column":24}},"29":{"start":{"line":123,"column":8},"end":{"line":123,"column":22}},"30":{"start":{"line":130,"column":8},"end":{"line":130,"column":32}},"31":{"start":{"line":138,"column":8},"end":{"line":138,"column":22}},"32":{"start":{"line":139,"column":8},"end":{"line":139,"column":24}},"33":{"start":{"line":140,"column":8},"end":{"line":140,"column":22}},"34":{"start":{"line":147,"column":8},"end":{"line":147,"column":32}},"35":{"start":{"line":157,"column":8},"end":{"line":157,"column":22}},"36":{"start":{"line":158,"column":8},"end":{"line":158,"column":24}},"37":{"start":{"line":159,"column":8},"end":{"line":159,"column":22}},"38":{"start":{"line":166,"column":8},"end":{"line":166,"column":32}},"39":{"start":{"line":176,"column":8},"end":{"line":176,"column":22}},"40":{"start":{"line":177,"column":8},"end":{"line":177,"column":24}},"41":{"start":{"line":178,"column":8},"end":{"line":178,"column":22}},"42":{"start":{"line":185,"column":8},"end":{"line":185,"column":32}}},"branchMap":{"1":{"line":89,"type":"if","locations":[{"start":{"line":89,"column":8},"end":{"line":89,"column":8}},{"start":{"line":89,"column":8},"end":{"line":89,"column":8}}]},"2":{"line":106,"type":"if","locations":[{"start":{"line":106,"column":8},"end":{"line":106,"column":8}},{"start":{"line":106,"column":8},"end":{"line":106,"column":8}}]}}}}
