TN:
SF:/Users/konsta/Documents/GitHub/primitive-core/contracts/blackscholes/BlackScholesNUM.sol
FN:31,getCallOptionPrice
FN:83,getPutOptionPrice
FN:134,getFuturePrice
FN:151,expNegative
FN:157,expPositive
FN:195,ln
FN:206,lnUpper
FN:231,sqrt
FN:242,sqrtUpper
FN:276,getD1
FN:284,stdNormCDF
FN:299,erfPositive
FN:319,getExp1Precalculated
FN:325,getExp2Precalculated
FN:460,getExp3Precalculated
FN:599,getLnPrecalculated
FN:732,getSqrtPrecomputed
FN:995,getSqrtZerosPrecompute
FNF:18
FNH:18
FNDA:7770,getCallOptionPrice
FNDA:7769,getPutOptionPrice
FNDA:1026,getFuturePrice
FNDA:32670,expNegative
FNDA:52958,expPositive
FNDA:17278,ln
FNDA:17519,lnUpper
FNDA:21486,sqrt
FNDA:23799,sqrtUpper
FNDA:15630,getD1
FNDA:31670,stdNormCDF
FNDA:31670,erfPositive
FNDA:9382,getExp1Precalculated
FNDA:30743,getExp2Precalculated
FNDA:43228,getExp3Precalculated
FNDA:16396,getLnPrecalculated
FNDA:21768,getSqrtPrecomputed
FNDA:6989,getSqrtZerosPrecompute
DA:38,7770
DA:41,7770
DA:42,7768
DA:43,7766
DA:44,7764
DA:45,7762
DA:46,7760
DA:49,7758
DA:50,3
DA:51,1
DA:53,2
DA:56,7755
DA:57,7755
DA:58,7755
DA:60,7755
DA:61,7755
DA:63,7755
DA:65,7755
DA:66,7755
DA:68,7755
DA:69,7348
DA:90,7769
DA:92,7769
DA:93,7767
DA:94,7765
DA:95,7763
DA:96,7761
DA:97,7759
DA:100,7757
DA:101,3
DA:102,1
DA:104,2
DA:107,7754
DA:108,7754
DA:109,7754
DA:111,7754
DA:112,7754
DA:114,7754
DA:116,7754
DA:117,7754
DA:119,7754
DA:120,7185
DA:135,1026
DA:136,1026
DA:137,1024
DA:138,1022
DA:141,1020
DA:142,1
DA:145,1019
DA:146,1019
DA:147,1019
DA:152,32670
DA:153,32670
DA:158,52958
DA:159,52958
DA:162,52958
DA:163,9382
DA:164,9382
DA:168,52958
DA:169,30743
DA:170,30743
DA:172,22215
DA:176,52958
DA:177,43228
DA:178,43228
DA:180,9730
DA:187,52958
DA:188,52958
DA:189,52958
DA:191,52958
DA:196,17278
DA:197,17278
DA:198,7982
DA:201,9296
DA:207,17519
DA:208,17519
DA:211,17519
DA:212,16396
DA:213,16396
DA:214,16396
DA:220,17519
DA:222,17519
DA:223,17519
DA:224,17519
DA:225,17519
DA:227,17519
DA:232,21486
DA:233,21486
DA:234,13218
DA:237,8268
DA:243,23799
DA:244,23799
DA:245,23799
DA:248,23799
DA:249,6989
DA:250,6989
DA:254,23799
DA:255,21768
DA:256,21768
DA:260,23799
DA:261,23799
DA:262,23799
DA:263,23799
DA:264,23799
DA:266,23799
DA:277,15630
DA:279,15630
DA:285,31670
DA:289,31670
DA:290,31670
DA:291,15929
DA:294,15741
DA:300,31670
DA:303,31670
DA:306,31670
DA:307,31670
DA:308,31670
DA:309,31670
DA:313,31670
DA:320,9382
DA:321,9382
DA:329,30743
DA:330,30743
DA:331,9956
DA:332,4657
DA:333,2070
DA:334,873
DA:335,414
DA:337,459
DA:340,1197
DA:341,662
DA:343,535
DA:347,2587
DA:348,1326
DA:349,613
DA:351,713
DA:354,1261
DA:355,624
DA:357,637
DA:362,5299
DA:363,2688
DA:364,1293
DA:365,599
DA:367,694
DA:370,1395
DA:371,644
DA:373,751
DA:377,2611
DA:378,1251
DA:379,612
DA:381,639
DA:384,1360
DA:385,705
DA:387,655
DA:393,20787
DA:394,9534
DA:395,5299
DA:396,1810
DA:397,856
DA:399,954
DA:402,3489
DA:403,2090
DA:405,1399
DA:409,4235
DA:410,1922
DA:411,1010
DA:413,912
DA:416,2313
DA:417,1094
DA:419,1219
DA:424,11253
DA:425,4822
DA:426,2202
DA:427,1049
DA:429,1153
DA:432,2620
DA:433,1258
DA:435,1362
DA:439,6431
DA:440,2926
DA:441,1326
DA:443,1600
DA:447,3505
DA:464,43228
DA:469,43228
DA:470,17485
DA:471,8665
DA:472,4410
DA:473,2159
DA:474,1048
DA:476,1111
DA:479,2251
DA:480,1036
DA:482,1215
DA:486,4255
DA:487,2097
DA:488,1110
DA:490,987
DA:493,2158
DA:494,1117
DA:496,1041
DA:501,8820
DA:502,4304
DA:503,2108
DA:504,993
DA:506,1115
DA:509,2196
DA:510,1103
DA:512,1093
DA:516,4516
DA:517,2165
DA:518,1159
DA:520,1006
DA:523,2351
DA:524,1169
DA:526,1182
DA:532,25743
DA:533,10769
DA:534,4791
DA:535,2251
DA:536,1100
DA:538,1151
DA:541,2540
DA:542,1063
DA:544,1477
DA:548,5978
DA:549,2917
DA:550,1396
DA:552,1521
DA:555,3061
DA:556,1694
DA:558,1367
DA:563,14974
DA:564,7763
DA:565,3555
DA:566,1726
DA:568,1829
DA:571,4208
DA:572,2068
DA:574,2140
DA:578,7211
DA:579,4990
DA:580,2718
DA:582,2272
DA:586,2221
DA:601,16396
DA:602,16396
DA:603,5218
DA:604,255
DA:605,133
DA:606,70
DA:607,37
DA:609,33
DA:612,63
DA:613,33
DA:615,30
DA:619,122
DA:620,62
DA:621,32
DA:623,30
DA:626,60
DA:627,31
DA:629,29
DA:634,4963
DA:635,126
DA:636,62
DA:637,30
DA:639,32
DA:642,64
DA:643,31
DA:645,33
DA:649,4837
DA:650,2963
DA:651,34
DA:653,2929
DA:656,1874
DA:657,937
DA:659,937
DA:665,11178
DA:666,4339
DA:667,1980
DA:668,985
DA:669,343
DA:671,642
DA:674,995
DA:675,46
DA:677,949
DA:681,2359
DA:682,1009
DA:683,352
DA:685,657
DA:688,1350
DA:689,963
DA:691,387
DA:696,6839
DA:697,2447
DA:698,1051
DA:699,972
DA:701,79
DA:704,1396
DA:705,681
DA:707,715
DA:711,4392
DA:712,2416
DA:713,698
DA:715,1718
DA:719,1976
DA:736,21768
DA:737,21768
DA:738,8770
DA:739,5128
DA:740,3168
DA:741,1810
DA:742,971
DA:743,502
DA:745,469
DA:748,839
DA:749,434
DA:751,405
DA:755,1358
DA:756,728
DA:757,377
DA:759,351
DA:762,630
DA:763,327
DA:765,303
DA:770,1960
DA:771,1199
DA:772,725
DA:773,279
DA:775,446
DA:778,474
DA:779,243
DA:781,231
DA:785,761
DA:786,407
DA:787,210
DA:789,197
DA:792,354
DA:793,185
DA:795,169
DA:801,3642
DA:802,2035
DA:803,1004
DA:804,740
DA:805,591
DA:807,149
DA:810,264
DA:811,136
DA:813,128
DA:817,1031
DA:818,831
DA:819,122
DA:821,709
DA:824,200
DA:825,103
DA:827,97
DA:832,1607
DA:833,753
DA:834,605
DA:835,88
DA:837,517
DA:840,148
DA:841,75
DA:843,73
DA:847,854
DA:848,310
DA:849,66
DA:851,244
DA:854,544
DA:855,57
DA:857,487
DA:864,12998
DA:865,1770
DA:866,811
DA:867,481
DA:868,98
DA:869,49
DA:871,49
DA:874,383
DA:875,343
DA:877,40
DA:881,330
DA:882,72
DA:883,38
DA:885,34
DA:888,258
DA:889,228
DA:891,30
DA:896,959
DA:897,102
DA:898,54
DA:899,28
DA:901,26
DA:904,48
DA:905,24
DA:907,24
DA:911,857
DA:912,820
DA:913,800
DA:915,20
DA:918,37
DA:919,20
DA:921,17
DA:927,11228
DA:928,3379
DA:929,658
DA:930,29
DA:931,15
DA:933,14
DA:936,629
DA:937,15
DA:939,614
DA:943,2721
DA:944,22
DA:945,11
DA:947,11
DA:950,2699
DA:951,2086
DA:953,613
DA:958,7849
DA:959,4231
DA:960,2416
DA:961,1207
DA:963,1209
DA:966,1815
DA:967,906
DA:969,909
DA:973,3618
DA:974,2413
DA:975,605
DA:977,1808
DA:981,1205
DA:999,6989
DA:1012,6989
DA:1013,5502
DA:1014,2775
DA:1016,2727
DA:1025,1487
LF:439
LH:439
BRDA:41,1,0,2
BRDA:41,1,1,7768
BRDA:42,2,0,2
BRDA:42,2,1,7766
BRDA:43,3,0,2
BRDA:43,3,1,7764
BRDA:44,4,0,2
BRDA:44,4,1,7762
BRDA:45,5,0,2
BRDA:45,5,1,7760
BRDA:46,6,0,2
BRDA:46,6,1,7758
BRDA:49,7,0,3
BRDA:49,7,1,7755
BRDA:50,8,0,1
BRDA:50,8,1,2
BRDA:68,9,0,7348
BRDA:68,9,1,407
BRDA:92,10,0,2
BRDA:92,10,1,7767
BRDA:93,11,0,2
BRDA:93,11,1,7765
BRDA:94,12,0,2
BRDA:94,12,1,7763
BRDA:95,13,0,2
BRDA:95,13,1,7761
BRDA:96,14,0,2
BRDA:96,14,1,7759
BRDA:97,15,0,2
BRDA:97,15,1,7757
BRDA:100,16,0,3
BRDA:100,16,1,7754
BRDA:101,17,0,1
BRDA:101,17,1,2
BRDA:119,18,0,7185
BRDA:119,18,1,569
BRDA:136,19,0,2
BRDA:136,19,1,1024
BRDA:137,20,0,2
BRDA:137,20,1,1022
BRDA:138,21,0,2
BRDA:138,21,1,1020
BRDA:141,22,0,1
BRDA:141,22,1,1019
BRDA:162,23,0,9382
BRDA:162,23,1,43576
BRDA:168,24,0,30743
BRDA:168,24,1,22215
BRDA:176,25,0,43228
BRDA:176,25,1,9730
BRDA:197,26,0,7982
BRDA:197,26,1,9296
BRDA:211,27,0,16396
BRDA:211,27,1,1123
BRDA:233,28,0,13218
BRDA:233,28,1,8268
BRDA:248,29,0,6989
BRDA:248,29,1,16810
BRDA:254,30,0,21768
BRDA:254,30,1,2031
BRDA:290,31,0,15929
BRDA:290,31,1,15741
BRDA:330,32,0,9956
BRDA:330,32,1,20787
BRDA:331,33,0,4657
BRDA:331,33,1,5299
BRDA:332,34,0,2070
BRDA:332,34,1,2587
BRDA:333,35,0,873
BRDA:333,35,1,1197
BRDA:334,36,0,414
BRDA:334,36,1,459
BRDA:340,37,0,662
BRDA:340,37,1,535
BRDA:347,38,0,1326
BRDA:347,38,1,1261
BRDA:348,39,0,613
BRDA:348,39,1,713
BRDA:354,40,0,624
BRDA:354,40,1,637
BRDA:362,41,0,2688
BRDA:362,41,1,2611
BRDA:363,42,0,1293
BRDA:363,42,1,1395
BRDA:364,43,0,599
BRDA:364,43,1,694
BRDA:370,44,0,644
BRDA:370,44,1,751
BRDA:377,45,0,1251
BRDA:377,45,1,1360
BRDA:378,46,0,612
BRDA:378,46,1,639
BRDA:384,47,0,705
BRDA:384,47,1,655
BRDA:393,48,0,9534
BRDA:393,48,1,11253
BRDA:394,49,0,5299
BRDA:394,49,1,4235
BRDA:395,50,0,1810
BRDA:395,50,1,3489
BRDA:396,51,0,856
BRDA:396,51,1,954
BRDA:402,52,0,2090
BRDA:402,52,1,1399
BRDA:409,53,0,1922
BRDA:409,53,1,2313
BRDA:410,54,0,1010
BRDA:410,54,1,912
BRDA:416,55,0,1094
BRDA:416,55,1,1219
BRDA:424,56,0,4822
BRDA:424,56,1,6431
BRDA:425,57,0,2202
BRDA:425,57,1,2620
BRDA:426,58,0,1049
BRDA:426,58,1,1153
BRDA:432,59,0,1258
BRDA:432,59,1,1362
BRDA:439,60,0,2926
BRDA:439,60,1,3505
BRDA:440,61,0,1326
BRDA:440,61,1,1600
BRDA:469,62,0,17485
BRDA:469,62,1,25743
BRDA:470,63,0,8665
BRDA:470,63,1,8820
BRDA:471,64,0,4410
BRDA:471,64,1,4255
BRDA:472,65,0,2159
BRDA:472,65,1,2251
BRDA:473,66,0,1048
BRDA:473,66,1,1111
BRDA:479,67,0,1036
BRDA:479,67,1,1215
BRDA:486,68,0,2097
BRDA:486,68,1,2158
BRDA:487,69,0,1110
BRDA:487,69,1,987
BRDA:493,70,0,1117
BRDA:493,70,1,1041
BRDA:501,71,0,4304
BRDA:501,71,1,4516
BRDA:502,72,0,2108
BRDA:502,72,1,2196
BRDA:503,73,0,993
BRDA:503,73,1,1115
BRDA:509,74,0,1103
BRDA:509,74,1,1093
BRDA:516,75,0,2165
BRDA:516,75,1,2351
BRDA:517,76,0,1159
BRDA:517,76,1,1006
BRDA:523,77,0,1169
BRDA:523,77,1,1182
BRDA:532,78,0,10769
BRDA:532,78,1,14974
BRDA:533,79,0,4791
BRDA:533,79,1,5978
BRDA:534,80,0,2251
BRDA:534,80,1,2540
BRDA:535,81,0,1100
BRDA:535,81,1,1151
BRDA:541,82,0,1063
BRDA:541,82,1,1477
BRDA:548,83,0,2917
BRDA:548,83,1,3061
BRDA:549,84,0,1396
BRDA:549,84,1,1521
BRDA:555,85,0,1694
BRDA:555,85,1,1367
BRDA:563,86,0,7763
BRDA:563,86,1,7211
BRDA:564,87,0,3555
BRDA:564,87,1,4208
BRDA:565,88,0,1726
BRDA:565,88,1,1829
BRDA:571,89,0,2068
BRDA:571,89,1,2140
BRDA:578,90,0,4990
BRDA:578,90,1,2221
BRDA:579,91,0,2718
BRDA:579,91,1,2272
BRDA:602,92,0,5218
BRDA:602,92,1,11178
BRDA:603,93,0,255
BRDA:603,93,1,4963
BRDA:604,94,0,133
BRDA:604,94,1,122
BRDA:605,95,0,70
BRDA:605,95,1,63
BRDA:606,96,0,37
BRDA:606,96,1,33
BRDA:612,97,0,33
BRDA:612,97,1,30
BRDA:619,98,0,62
BRDA:619,98,1,60
BRDA:620,99,0,32
BRDA:620,99,1,30
BRDA:626,100,0,31
BRDA:626,100,1,29
BRDA:634,101,0,126
BRDA:634,101,1,4837
BRDA:635,102,0,62
BRDA:635,102,1,64
BRDA:636,103,0,30
BRDA:636,103,1,32
BRDA:642,104,0,31
BRDA:642,104,1,33
BRDA:649,105,0,2963
BRDA:649,105,1,1874
BRDA:650,106,0,34
BRDA:650,106,1,2929
BRDA:656,107,0,937
BRDA:656,107,1,937
BRDA:665,108,0,4339
BRDA:665,108,1,6839
BRDA:666,109,0,1980
BRDA:666,109,1,2359
BRDA:667,110,0,985
BRDA:667,110,1,995
BRDA:668,111,0,343
BRDA:668,111,1,642
BRDA:674,112,0,46
BRDA:674,112,1,949
BRDA:681,113,0,1009
BRDA:681,113,1,1350
BRDA:682,114,0,352
BRDA:682,114,1,657
BRDA:688,115,0,963
BRDA:688,115,1,387
BRDA:696,116,0,2447
BRDA:696,116,1,4392
BRDA:697,117,0,1051
BRDA:697,117,1,1396
BRDA:698,118,0,972
BRDA:698,118,1,79
BRDA:704,119,0,681
BRDA:704,119,1,715
BRDA:711,120,0,2416
BRDA:711,120,1,1976
BRDA:712,121,0,698
BRDA:712,121,1,1718
BRDA:737,122,0,8770
BRDA:737,122,1,12998
BRDA:738,123,0,5128
BRDA:738,123,1,3642
BRDA:739,124,0,3168
BRDA:739,124,1,1960
BRDA:740,125,0,1810
BRDA:740,125,1,1358
BRDA:741,126,0,971
BRDA:741,126,1,839
BRDA:742,127,0,502
BRDA:742,127,1,469
BRDA:748,128,0,434
BRDA:748,128,1,405
BRDA:755,129,0,728
BRDA:755,129,1,630
BRDA:756,130,0,377
BRDA:756,130,1,351
BRDA:762,131,0,327
BRDA:762,131,1,303
BRDA:770,132,0,1199
BRDA:770,132,1,761
BRDA:771,133,0,725
BRDA:771,133,1,474
BRDA:772,134,0,279
BRDA:772,134,1,446
BRDA:778,135,0,243
BRDA:778,135,1,231
BRDA:785,136,0,407
BRDA:785,136,1,354
BRDA:786,137,0,210
BRDA:786,137,1,197
BRDA:792,138,0,185
BRDA:792,138,1,169
BRDA:801,139,0,2035
BRDA:801,139,1,1607
BRDA:802,140,0,1004
BRDA:802,140,1,1031
BRDA:803,141,0,740
BRDA:803,141,1,264
BRDA:804,142,0,591
BRDA:804,142,1,149
BRDA:810,143,0,136
BRDA:810,143,1,128
BRDA:817,144,0,831
BRDA:817,144,1,200
BRDA:818,145,0,122
BRDA:818,145,1,709
BRDA:824,146,0,103
BRDA:824,146,1,97
BRDA:832,147,0,753
BRDA:832,147,1,854
BRDA:833,148,0,605
BRDA:833,148,1,148
BRDA:834,149,0,88
BRDA:834,149,1,517
BRDA:840,150,0,75
BRDA:840,150,1,73
BRDA:847,151,0,310
BRDA:847,151,1,544
BRDA:848,152,0,66
BRDA:848,152,1,244
BRDA:854,153,0,57
BRDA:854,153,1,487
BRDA:864,154,0,1770
BRDA:864,154,1,11228
BRDA:865,155,0,811
BRDA:865,155,1,959
BRDA:866,156,0,481
BRDA:866,156,1,330
BRDA:867,157,0,98
BRDA:867,157,1,383
BRDA:868,158,0,49
BRDA:868,158,1,49
BRDA:874,159,0,343
BRDA:874,159,1,40
BRDA:881,160,0,72
BRDA:881,160,1,258
BRDA:882,161,0,38
BRDA:882,161,1,34
BRDA:888,162,0,228
BRDA:888,162,1,30
BRDA:896,163,0,102
BRDA:896,163,1,857
BRDA:897,164,0,54
BRDA:897,164,1,48
BRDA:898,165,0,28
BRDA:898,165,1,26
BRDA:904,166,0,24
BRDA:904,166,1,24
BRDA:911,167,0,820
BRDA:911,167,1,37
BRDA:912,168,0,800
BRDA:912,168,1,20
BRDA:918,169,0,20
BRDA:918,169,1,17
BRDA:927,170,0,3379
BRDA:927,170,1,7849
BRDA:928,171,0,658
BRDA:928,171,1,2721
BRDA:929,172,0,29
BRDA:929,172,1,629
BRDA:930,173,0,15
BRDA:930,173,1,14
BRDA:936,174,0,15
BRDA:936,174,1,614
BRDA:943,175,0,22
BRDA:943,175,1,2699
BRDA:944,176,0,11
BRDA:944,176,1,11
BRDA:950,177,0,2086
BRDA:950,177,1,613
BRDA:958,178,0,4231
BRDA:958,178,1,3618
BRDA:959,179,0,2416
BRDA:959,179,1,1815
BRDA:960,180,0,1207
BRDA:960,180,1,1209
BRDA:966,181,0,906
BRDA:966,181,1,909
BRDA:973,182,0,2413
BRDA:973,182,1,1205
BRDA:974,183,0,605
BRDA:974,183,1,1808
BRDA:1012,184,0,5502
BRDA:1012,184,1,1487
BRDA:1013,185,0,2775
BRDA:1013,185,1,2727
BRF:370
BRH:370
end_of_record
TN:
SF:/Users/konsta/Documents/GitHub/primitive-core/contracts/test/BlackScholesCaller.sol
FN:10,getCallOptionPrice
FN:20,getPutOptionPrice
FN:30,getFuturePrice
FN:34,expNegative
FN:38,expPositive
FN:42,ln
FN:47,lnUpper
FN:51,sqrt
FN:56,sqrtUpper
FN:60,getD1
FN:64,stdNormCDF
FN:68,expPositiveMG
FN:84,lnMG
FN:102,sqrtMG
FN:120,stdNormCDFMG
FN:133,getFuturePriceMG
FN:150,getCallOptionPriceMG
FN:169,getPutOptionPriceMG
FNF:18
FNH:16
FNDA:7544,getCallOptionPrice
FNDA:7543,getPutOptionPrice
FNDA:1011,getFuturePrice
FNDA:1000,expNegative
FNDA:2102,expPositive
FNDA:1179,ln
FNDA:0,lnUpper
FNDA:5530,sqrt
FNDA:0,sqrtUpper
FNDA:121,getD1
FNDA:326,stdNormCDF
FNDA:1658,expPositiveMG
FNDA:710,lnMG
FNDA:2760,sqrtMG
FNDA:326,stdNormCDFMG
FNDA:15,getFuturePriceMG
FNDA:226,getCallOptionPriceMG
FNDA:226,getPutOptionPriceMG
DA:17,7544
DA:27,7543
DA:31,1011
DA:35,1000
DA:39,2102
DA:43,1179
DA:48,0
DA:52,5530
DA:57,0
DA:61,121
DA:65,326
DA:69,1658
DA:70,1658
DA:71,1658
DA:73,1658
DA:75,1658
DA:77,1658
DA:79,1658
DA:85,710
DA:86,710
DA:87,710
DA:88,710
DA:89,710
DA:90,241
DA:91,241
DA:92,241
DA:94,469
DA:95,469
DA:96,469
DA:99,710
DA:103,2760
DA:104,2760
DA:105,2760
DA:106,2760
DA:107,2313
DA:108,2313
DA:109,2313
DA:111,447
DA:112,447
DA:113,447
DA:117,2760
DA:121,326
DA:122,326
DA:123,326
DA:124,326
DA:126,326
DA:128,326
DA:130,326
DA:138,15
DA:139,15
DA:140,15
DA:141,15
DA:143,15
DA:145,15
DA:147,15
DA:157,226
DA:158,226
DA:159,226
DA:160,226
DA:162,226
DA:164,226
DA:166,226
DA:176,226
DA:177,226
DA:178,226
DA:179,226
DA:181,226
DA:183,226
DA:185,226
LF:69
LH:67
BRDA:89,1,0,241
BRDA:89,1,1,469
BRDA:106,2,0,2313
BRDA:106,2,1,447
BRF:4
BRH:4
end_of_record
